#
# There is insufficient memory for the Java Runtime Environment to continue.
# Native memory allocation (malloc) failed to allocate 1006896 bytes for Chunk::new
# Possible reasons:
#   The system is out of physical RAM or swap space
#   In 32 bit mode, the process size limit was hit
# Possible solutions:
#   Reduce memory load on the system
#   Increase physical memory or swap space
#   Check if swap backing store is full
#   Use 64 bit Java on a 64 bit OS
#   Decrease Java heap size (-Xmx/-Xms)
#   Decrease number of Java threads
#   Decrease Java thread stack sizes (-Xss)
#   Set larger code cache with -XX:ReservedCodeCacheSize=
# This output file may be truncated or incomplete.
#
#  Out of Memory Error (allocation.cpp:390), pid=676, tid=0x0000000000001210
#
# JRE version: OpenJDK Runtime Environment (8.0_152-b02) (build 1.8.0_152-release-1024-b02)
# Java VM: OpenJDK 64-Bit Server VM (25.152-b02 mixed mode windows-amd64 compressed oops)
# Failed to write core dump. Minidumps are not enabled by default on client versions of Windows
#

---------------  T H R E A D  ---------------

Current thread (0x000000001632d800):  JavaThread "C2 CompilerThread0" daemon [_thread_in_native, id=4624, stack(0x0000000017970000,0x0000000017a70000)]

Stack: [0x0000000017970000,0x0000000017a70000]
[error occurred during error reporting (printing stack bounds), id 0xc0000005]

Native frames: (J=compiled Java code, j=interpreted, Vv=VM code, C=native code)


Current CompileTask:
C2: 447469 20116       4       com.android.tools.r8.code.BaseInstructionFactory::create (3362 bytes)


---------------  P R O C E S S  ---------------

Java Threads: ( => current thread )
  0x000000001fc66000 JavaThread "ForkJoinPool-13-worker-0" daemon [_thread_blocked, id=988, stack(0x000000002eba0000,0x000000002eca0000)]
  0x000000001fc68000 JavaThread "ForkJoinPool-13-worker-1" daemon [_thread_blocked, id=3172, stack(0x000000002eaa0000,0x000000002eba0000)]
  0x000000001fc6b000 JavaThread "ForkJoinPool.commonPool-worker-7" daemon [_thread_blocked, id=4308, stack(0x000000002e2a0000,0x000000002e3a0000)]
  0x00000000196c5800 JavaThread "ForkJoinPool.commonPool-worker-5" daemon [_thread_blocked, id=2020, stack(0x000000002d7a0000,0x000000002d8a0000)]
  0x00000000196c7000 JavaThread "ForkJoinPool.commonPool-worker-1" daemon [_thread_blocked, id=3192, stack(0x000000002d2a0000,0x000000002d3a0000)]
  0x00000000196c5000 JavaThread "ForkJoinPool.commonPool-worker-2" daemon [_thread_blocked, id=3544, stack(0x000000002cba0000,0x000000002cca0000)]
  0x00000000196c4000 JavaThread "ForkJoinPool.commonPool-worker-3" daemon [_thread_blocked, id=4420, stack(0x000000002caa0000,0x000000002cba0000)]
  0x000000001b760000 JavaThread "Cache worker for Java compile cache (F:\AndroidStudioProjects\MyApplication\.gradle\4.4\javaCompile)" [_thread_blocked, id=168, stack(0x0000000027ca0000,0x0000000027da0000)]
  0x000000001b75e800 JavaThread "Task worker for ':' Thread 3" [_thread_blocked, id=4292, stack(0x0000000026ea0000,0x0000000026fa0000)]
  0x000000001b761000 JavaThread "Task worker for ':' Thread 2" [_thread_blocked, id=3536, stack(0x0000000026da0000,0x0000000026ea0000)]
  0x000000001d15b800 JavaThread "Task worker for ':'" [_thread_blocked, id=4156, stack(0x0000000026ca0000,0x0000000026da0000)]
  0x000000001d15a800 JavaThread "Cache worker for Build Output Cleanup Cache (F:\AndroidStudioProjects\MyApplication\.gradle\buildOutputCleanup)" [_thread_blocked, id=4828, stack(0x0000000026ba0000,0x0000000026ca0000)]
  0x000000001d15a000 JavaThread "Cache worker for task history cache (F:\AndroidStudioProjects\MyApplication\.gradle\4.4\taskHistory)" [_thread_blocked, id=668, stack(0x0000000026aa0000,0x0000000026ba0000)]
  0x000000001d159000 JavaThread "Cache worker for file content cache (F:\AndroidStudioProjects\MyApplication\.gradle\4.4\fileContent)" [_thread_blocked, id=3752, stack(0x00000000269a0000,0x0000000026aa0000)]
  0x000000001d158800 JavaThread "build operations Thread 4" [_thread_blocked, id=4268, stack(0x00000000268a0000,0x00000000269a0000)]
  0x000000001d15c000 JavaThread "build operations Thread 3" [_thread_blocked, id=2808, stack(0x00000000267a0000,0x00000000268a0000)]
  0x000000001d157800 JavaThread "build operations Thread 2" [_thread_blocked, id=4472, stack(0x00000000266a0000,0x00000000267a0000)]
  0x000000001d150000 JavaThread "build operations" [_thread_blocked, id=2884, stack(0x00000000265a0000,0x00000000266a0000)]
  0x000000001d157000 JavaThread "Cache worker for Artifact transforms cache (C:\Users\User\.gradle\caches\transforms-1)" [_thread_blocked, id=4752, stack(0x00000000264a0000,0x00000000265a0000)]
  0x000000001d156000 JavaThread "Cache worker for file hash cache (F:\AndroidStudioProjects\MyApplication\.gradle\4.4\fileHashes)" [_thread_blocked, id=628, stack(0x00000000263a0000,0x00000000264a0000)]
  0x000000001d14e800 JavaThread "Stdin handler" [_thread_blocked, id=4924, stack(0x00000000262a0000,0x00000000263a0000)]
  0x000000001d155800 JavaThread "Asynchronous log dispatcher for DefaultDaemonConnection: socket connection from /127.0.0.1:51215 to /127.0.0.1:51415" [_thread_blocked, id=3256, stack(0x00000000261a0000,0x00000000262a0000)]
  0x000000001d153000 JavaThread "Daemon worker Thread 3" [_thread_blocked, id=820, stack(0x00000000260a0000,0x00000000261a0000)]
  0x000000001d152800 JavaThread "Cancel handler" [_thread_blocked, id=2524, stack(0x0000000025fa0000,0x00000000260a0000)]
  0x000000001d14d000 JavaThread "Handler for socket connection from /127.0.0.1:51215 to /127.0.0.1:51415" [_thread_in_native, id=3580, stack(0x0000000025ea0000,0x0000000025fa0000)]
  0x000000001d151000 JavaThread "Daemon Thread 3" [_thread_blocked, id=1076, stack(0x0000000025da0000,0x0000000025ea0000)]
  0x000000001d14e000 JavaThread "Memory manager" [_thread_blocked, id=2836, stack(0x0000000021aa0000,0x0000000021ba0000)]
  0x0000000019429800 JavaThread "File lock request listener" [_thread_in_native, id=4744, stack(0x000000001cd60000,0x000000001ce60000)]
  0x000000001b2fa800 JavaThread "Cache worker for file hash cache (C:\Users\User\.gradle\caches\4.4\fileHashes)" [_thread_blocked, id=4440, stack(0x000000001bc90000,0x000000001bd90000)]
  0x0000000019084000 JavaThread "Daemon periodic checks" [_thread_blocked, id=4568, stack(0x000000001a1c0000,0x000000001a2c0000)]
  0x0000000018ee2800 JavaThread "Incoming local TCP Connector on port 51215" [_thread_in_native, id=4804, stack(0x0000000019f80000,0x000000001a080000)]
  0x0000000017cac000 JavaThread "Service Thread" daemon [_thread_blocked, id=2008, stack(0x0000000018070000,0x0000000018170000)]
  0x000000001635b800 JavaThread "C1 CompilerThread2" daemon [_thread_blocked, id=5064, stack(0x0000000017b70000,0x0000000017c70000)]
  0x0000000016330800 JavaThread "C2 CompilerThread1" daemon [_thread_blocked, id=4588, stack(0x0000000017a70000,0x0000000017b70000)]
=>0x000000001632d800 JavaThread "C2 CompilerThread0" daemon [_thread_in_native, id=4624, stack(0x0000000017970000,0x0000000017a70000)]
  0x000000001632b000 JavaThread "Attach Listener" daemon [_thread_blocked, id=1784, stack(0x0000000017870000,0x0000000017970000)]
  0x0000000016329800 JavaThread "Signal Dispatcher" daemon [_thread_blocked, id=4628, stack(0x0000000017770000,0x0000000017870000)]
  0x0000000016317000 JavaThread "Finalizer" daemon [_thread_blocked, id=1436, stack(0x0000000017580000,0x0000000017680000)]
  0x0000000002901000 JavaThread "Reference Handler" daemon [_thread_blocked, id=3956, stack(0x0000000017480000,0x0000000017580000)]
  0x0000000002810800 JavaThread "main" [_thread_blocked, id=3112, stack(0x0000000000fc0000,0x00000000010c0000)]

Other Threads:
  0x00000000162f5000 VMThread [stack: 0x0000000017380000,0x0000000017480000] [id=4488]
  0x0000000017cad000 WatcherThread [stack: 0x0000000018170000,0x0000000018270000] [id=192]

VM state:at safepoint (normal execution)

VM Mutex/Monitor currently owned by a thread:  ([mutex/lock_event])
[0x0000000000a8c640] Threads_lock - owner thread: 0x00000000162f5000
[0x0000000000a8cdc0] Heap_lock - owner thread: 0x000000001fc66000

Heap:
 PSYoungGen      total 496128K, used 496116K [0x00000000e0000000, 0x0000000100000000, 0x0000000100000000)
  eden space 467968K, 100% used [0x00000000e0000000,0x00000000fc900000,0x00000000fc900000)
  from space 28160K, 99% used [0x00000000fc900000,0x00000000fe47d3b8,0x00000000fe480000)
  to   space 28160K, 99% used [0x00000000fe480000,0x00000000ffffa938,0x0000000100000000)
 ParOldGen       total 159744K, used 159742K [0x00000000a0000000, 0x00000000a9c00000, 0x00000000e0000000)
  object space 159744K, 99% used [0x00000000a0000000,0x00000000a9bff8d0,0x00000000a9c00000)
 Metaspace       used 86048K, capacity 90244K, committed 90368K, reserved 1128448K
  class space    used 10889K, capacity 11766K, committed 11776K, reserved 1048576K

Card table byte_map: [0x0000000011d80000,0x0000000012090000] byte_map_base: 0x0000000011880000

Marking Bits: (ParMarkBitMap*) 0x00000000741c4970
 Begin Bits: [0x0000000012690000, 0x0000000013e90000)
 End Bits:   [0x0000000013e90000, 0x0000000015690000)

Polling page: 0x00000000010c0000

CodeCache: size=245760Kb used=57933Kb max_used=58487Kb free=187826Kb
 bounds [0x00000000029c0000, 0x0000000006330000, 0x00000000119c0000]
 total_blobs=17284 nmethods=16450 adapters=743
 compilation: enabled

Compilation events (10 events):
Event: 447.062 Thread 0x0000000016330800 nmethod 20147% 0x0000000005e71090 code [0x0000000005e71240, 0x0000000005e723f8]
Event: 447.062 Thread 0x0000000016330800 20148       4       java.util.TimSort::mergeHi (732 bytes)
Event: 447.072 Thread 0x000000001635b800 20159       3       com.android.tools.r8.graph.DexItemFactory$$Lambda$619/1084337861::apply (15 bytes)
Event: 447.073 Thread 0x000000001635b800 nmethod 20159 0x000000000565fe10 code [0x000000000565ffa0, 0x0000000005660450]
Event: 447.073 Thread 0x000000001635b800 20160       3       com.android.tools.r8.graph.DexDebugEvent$EndLocal::<init> (10 bytes)
Event: 447.073 Thread 0x000000001635b800 nmethod 20160 0x0000000005669610 code [0x0000000005669780, 0x00000000056699f0]
Event: 447.081 Thread 0x000000001635b800 20161       3       com.android.tools.r8.graph.DexItemFactory$$Lambda$622/1623171313::apply (15 bytes)
Event: 447.081 Thread 0x000000001635b800 nmethod 20161 0x0000000004c0ed90 code [0x0000000004c0ef20, 0x0000000004c0f3d0]
Event: 447.081 Thread 0x000000001635b800 20162       3       com.android.tools.r8.graph.DexDebugEvent$AdvancePC::<init> (10 bytes)
Event: 447.082 Thread 0x000000001635b800 nmethod 20162 0x0000000003e6cf10 code [0x0000000003e6d080, 0x0000000003e6d2f0]

GC Heap History (10 events):
Event: 417.180 GC heap after
Heap after GC invocations=22 (full 4):
 PSYoungGen      total 495104K, used 17221K [0x00000000e0000000, 0x0000000100000000, 0x0000000100000000)
  eden space 467968K, 0% used [0x00000000e0000000,0x00000000e0000000,0x00000000fc900000)
  from space 27136K, 63% used [0x00000000fe580000,0x00000000ff651608,0x0000000100000000)
  to   space 28160K, 0% used [0x00000000fc900000,0x00000000fc900000,0x00000000fe480000)
 ParOldGen       total 102912K, used 89895K [0x00000000a0000000, 0x00000000a6480000, 0x00000000e0000000)
  object space 102912K, 87% used [0x00000000a0000000,0x00000000a57c9e70,0x00000000a6480000)
 Metaspace       used 74602K, capacity 77618K, committed 77696K, reserved 1116160K
  class space    used 9583K, capacity 10298K, committed 10368K, reserved 1048576K
}
Event: 417.180 GC heap before
{Heap before GC invocations=23 (full 5):
 PSYoungGen      total 495104K, used 17221K [0x00000000e0000000, 0x0000000100000000, 0x0000000100000000)
  eden space 467968K, 0% used [0x00000000e0000000,0x00000000e0000000,0x00000000fc900000)
  from space 27136K, 63% used [0x00000000fe580000,0x00000000ff651608,0x0000000100000000)
  to   space 28160K, 0% used [0x00000000fc900000,0x00000000fc900000,0x00000000fe480000)
 ParOldGen       total 102912K, used 89895K [0x00000000a0000000, 0x00000000a6480000, 0x00000000e0000000)
  object space 102912K, 87% used [0x00000000a0000000,0x00000000a57c9e70,0x00000000a6480000)
 Metaspace       used 74602K, capacity 77618K, committed 77696K, reserved 1116160K
  class space    used 9583K, capacity 10298K, committed 10368K, reserved 1048576K
Event: 417.524 GC heap after
Heap after GC invocations=23 (full 5):
 PSYoungGen      total 495104K, used 0K [0x00000000e0000000, 0x0000000100000000, 0x0000000100000000)
  eden space 467968K, 0% used [0x00000000e0000000,0x00000000e0000000,0x00000000fc900000)
  from space 27136K, 0% used [0x00000000fe580000,0x00000000fe580000,0x0000000100000000)
  to   space 28160K, 0% used [0x00000000fc900000,0x00000000fc900000,0x00000000fe480000)
 ParOldGen       total 139776K, used 78685K [0x00000000a0000000, 0x00000000a8880000, 0x00000000e0000000)
  object space 139776K, 56% used [0x00000000a0000000,0x00000000a4cd76c0,0x00000000a8880000)
 Metaspace       used 74602K, capacity 77618K, committed 77696K, reserved 1116160K
  class space    used 9583K, capacity 10298K, committed 10368K, reserved 1048576K
}
Event: 421.274 GC heap before
{Heap before GC invocations=24 (full 5):
 PSYoungGen      total 495104K, used 467968K [0x00000000e0000000, 0x0000000100000000, 0x0000000100000000)
  eden space 467968K, 100% used [0x00000000e0000000,0x00000000fc900000,0x00000000fc900000)
  from space 27136K, 0% used [0x00000000fe580000,0x00000000fe580000,0x0000000100000000)
  to   space 28160K, 0% used [0x00000000fc900000,0x00000000fc900000,0x00000000fe480000)
 ParOldGen       total 139776K, used 78685K [0x00000000a0000000, 0x00000000a8880000, 0x00000000e0000000)
  object space 139776K, 56% used [0x00000000a0000000,0x00000000a4cd76c0,0x00000000a8880000)
 Metaspace       used 75778K, capacity 78926K, committed 79104K, reserved 1118208K
  class space    used 9735K, capacity 10484K, committed 10496K, reserved 1048576K
Event: 421.286 GC heap after
Heap after GC invocations=24 (full 5):
 PSYoungGen      total 496128K, used 6017K [0x00000000e0000000, 0x00000000fff00000, 0x0000000100000000)
  eden space 467968K, 0% used [0x00000000e0000000,0x00000000e0000000,0x00000000fc900000)
  from space 28160K, 21% used [0x00000000fc900000,0x00000000fcee0478,0x00000000fe480000)
  to   space 27136K, 0% used [0x00000000fe480000,0x00000000fe480000,0x00000000fff00000)
 ParOldGen       total 139776K, used 78693K [0x00000000a0000000, 0x00000000a8880000, 0x00000000e0000000)
  object space 139776K, 56% used [0x00000000a0000000,0x00000000a4cd96c0,0x00000000a8880000)
 Metaspace       used 75778K, capacity 78926K, committed 79104K, reserved 1118208K
  class space    used 9735K, capacity 10484K, committed 10496K, reserved 1048576K
}
Event: 429.812 GC heap before
{Heap before GC invocations=25 (full 5):
 PSYoungGen      total 496128K, used 473737K [0x00000000e0000000, 0x00000000fff00000, 0x0000000100000000)
  eden space 467968K, 99% used [0x00000000e0000000,0x00000000fc8c21a8,0x00000000fc900000)
  from space 28160K, 21% used [0x00000000fc900000,0x00000000fcee0478,0x00000000fe480000)
  to   space 27136K, 0% used [0x00000000fe480000,0x00000000fe480000,0x00000000fff00000)
 ParOldGen       total 139776K, used 78693K [0x00000000a0000000, 0x00000000a8880000, 0x00000000e0000000)
  object space 139776K, 56% used [0x00000000a0000000,0x00000000a4cd96c0,0x00000000a8880000)
 Metaspace       used 84857K, capacity 88992K, committed 89344K, reserved 1126400K
  class space    used 10803K, capacity 11678K, committed 11776K, reserved 1048576K
Event: 429.847 GC heap after
Heap after GC invocations=25 (full 5):
 PSYoungGen      total 495104K, used 17326K [0x00000000e0000000, 0x0000000100000000, 0x0000000100000000)
  eden space 467968K, 0% used [0x00000000e0000000,0x00000000e0000000,0x00000000fc900000)
  from space 27136K, 63% used [0x00000000fe480000,0x00000000ff56b9a0,0x00000000fff00000)
  to   space 28160K, 0% used [0x00000000fc900000,0x00000000fc900000,0x00000000fe480000)
 ParOldGen       total 139776K, used 80775K [0x00000000a0000000, 0x00000000a8880000, 0x00000000e0000000)
  object space 139776K, 57% used [0x00000000a0000000,0x00000000a4ee1ce8,0x00000000a8880000)
 Metaspace       used 84857K, capacity 88992K, committed 89344K, reserved 1126400K
  class space    used 10803K, capacity 11678K, committed 11776K, reserved 1048576K
}
Event: 435.386 GC heap before
{Heap before GC invocations=26 (full 5):
 PSYoungGen      total 495104K, used 485294K [0x00000000e0000000, 0x0000000100000000, 0x0000000100000000)
  eden space 467968K, 100% used [0x00000000e0000000,0x00000000fc900000,0x00000000fc900000)
  from space 27136K, 63% used [0x00000000fe480000,0x00000000ff56b9a0,0x00000000fff00000)
  to   space 28160K, 0% used [0x00000000fc900000,0x00000000fc900000,0x00000000fe480000)
 ParOldGen       total 139776K, used 80775K [0x00000000a0000000, 0x00000000a8880000, 0x00000000e0000000)
  object space 139776K, 57% used [0x00000000a0000000,0x00000000a4ee1ce8,0x00000000a8880000)
 Metaspace       used 85356K, capacity 89482K, committed 89600K, reserved 1126400K
  class space    used 10826K, capacity 11683K, committed 11776K, reserved 1048576K
Event: 435.448 GC heap after
Heap after GC invocations=26 (full 5):
 PSYoungGen      total 496128K, used 28148K [0x00000000e0000000, 0x0000000100000000, 0x0000000100000000)
  eden space 467968K, 0% used [0x00000000e0000000,0x00000000e0000000,0x00000000fc900000)
  from space 28160K, 99% used [0x00000000fc900000,0x00000000fe47d3b8,0x00000000fe480000)
  to   space 28160K, 0% used [0x00000000fe480000,0x00000000fe480000,0x0000000100000000)
 ParOldGen       total 139776K, used 106413K [0x00000000a0000000, 0x00000000a8880000, 0x00000000e0000000)
  object space 139776K, 76% used [0x00000000a0000000,0x00000000a67eb660,0x00000000a8880000)
 Metaspace       used 85356K, capacity 89482K, committed 89600K, reserved 1126400K
  class space    used 10826K, capacity 11683K, committed 11776K, reserved 1048576K
}
Event: 447.090 GC heap before
{Heap before GC invocations=27 (full 5):
 PSYoungGen      total 496128K, used 496116K [0x00000000e0000000, 0x0000000100000000, 0x0000000100000000)
  eden space 467968K, 100% used [0x00000000e0000000,0x00000000fc900000,0x00000000fc900000)
  from space 28160K, 99% used [0x00000000fc900000,0x00000000fe47d3b8,0x00000000fe480000)
  to   space 28160K, 0% used [0x00000000fe480000,0x00000000fe480000,0x0000000100000000)
 ParOldGen       total 139776K, used 106413K [0x00000000a0000000, 0x00000000a8880000, 0x00000000e0000000)
  object space 139776K, 76% used [0x00000000a0000000,0x00000000a67eb660,0x00000000a8880000)
 Metaspace       used 86048K, capacity 90244K, committed 90368K, reserved 1128448K
  class space    used 10889K, capacity 11766K, committed 11776K, reserved 1048576K

Deoptimization events (10 events):
Event: 446.189 Thread 0x000000001b75e800 Uncommon trap: reason=unstable_if action=reinterpret pc=0x0000000005d9a5ec method=com.google.common.collect.MapMakerInternalMap$Segment.copyEntry(Lcom/google/common/collect/MapMakerInternalMap$ReferenceEntry;Lcom/google/common/collect/MapMakerInternalMap$
Event: 446.501 Thread 0x00000000196c4000 Uncommon trap: reason=unstable_if action=reinterpret pc=0x00000000062d6044 method=java.util.concurrent.ForkJoinPool.helpStealer(Ljava/util/concurrent/ForkJoinPool$WorkQueue;Ljava/util/concurrent/ForkJoinTask;)V @ 380
Event: 446.507 Thread 0x00000000196bf800 Uncommon trap: reason=unloaded action=reinterpret pc=0x0000000005fae1fc method=com.android.tools.r8.code.BaseInstructionFactory.create(IILcom/android/tools/r8/code/BytecodeStream;Lcom/android/tools/r8/graph/OffsetToObjectMapping;)Lcom/android/tools/r8/cod
Event: 446.616 Thread 0x00000000196c5000 Uncommon trap: reason=unstable_if action=reinterpret pc=0x0000000006318cc0 method=java.util.concurrent.ForkJoinPool.helpStealer(Ljava/util/concurrent/ForkJoinPool$WorkQueue;Ljava/util/concurrent/ForkJoinTask;)V @ 44
Event: 446.643 Thread 0x00000000196c6800 Uncommon trap: reason=array_check action=maybe_recompile pc=0x000000000631d7a4 method=java.util.TimSort.mergeHi(IIII)V @ 657
Event: 446.643 Thread 0x00000000196c6800 Uncommon trap: reason=array_check action=maybe_recompile pc=0x00000000061e3130 method=java.util.TimSort.mergeLo(IIII)V @ 375
Event: 446.782 Thread 0x00000000196ca000 Uncommon trap: reason=array_check action=maybe_recompile pc=0x000000000631d7a4 method=java.util.TimSort.mergeHi(IIII)V @ 657
Event: 446.782 Thread 0x00000000196ca000 Uncommon trap: reason=array_check action=maybe_recompile pc=0x00000000061e3130 method=java.util.TimSort.mergeLo(IIII)V @ 375
Event: 446.791 Thread 0x00000000196c4000 Uncommon trap: reason=unstable_if action=reinterpret pc=0x0000000004ba7d30 method=java.nio.Bits.copyToArray(JLjava/lang/Object;JJJ)V @ 19
Event: 446.864 Thread 0x00000000196c5800 Uncommon trap: reason=unstable_if action=reinterpret pc=0x00000000037218c8 method=java.util.concurrent.ForkJoinPool.tryCompensate(Ljava/util/concurrent/ForkJoinPool$WorkQueue;)Z @ 59

Classes redefined (0 events):
No events

Internal exceptions (10 events):
Event: 446.794 Thread 0x00000000196c4000 Exception <a 'sun/nio/fs/WindowsException'> (0x00000000f797ee48) thrown at [D:\src\AOSP-openjdk-cygwin\jdk8u\hotspot\src\share\vm\prims\jni.cpp, line 709]
Event: 446.826 Thread 0x000000001fc6b000 Exception <a 'sun/nio/fs/WindowsException'> (0x00000000f995f3d0) thrown at [D:\src\AOSP-openjdk-cygwin\jdk8u\hotspot\src\share\vm\prims\jni.cpp, line 709]
Event: 446.828 Thread 0x00000000196c5800 Exception <a 'sun/nio/fs/WindowsException'> (0x00000000f6f20370) thrown at [D:\src\AOSP-openjdk-cygwin\jdk8u\hotspot\src\share\vm\prims\jni.cpp, line 709]
Event: 446.835 Thread 0x000000001fc66800 Exception <a 'sun/nio/fs/WindowsException'> (0x00000000f9ac99a8) thrown at [D:\src\AOSP-openjdk-cygwin\jdk8u\hotspot\src\share\vm\prims\jni.cpp, line 709]
Event: 446.839 Thread 0x00000000196c0800 Exception <a 'sun/nio/fs/WindowsException'> (0x00000000f7bc1bf8) thrown at [D:\src\AOSP-openjdk-cygwin\jdk8u\hotspot\src\share\vm\prims\jni.cpp, line 709]
Event: 446.856 Thread 0x00000000196cb000 Exception <a 'sun/nio/fs/WindowsException'> (0x00000000fa305300) thrown at [D:\src\AOSP-openjdk-cygwin\jdk8u\hotspot\src\share\vm\prims\jni.cpp, line 709]
Event: 446.861 Thread 0x000000001fc69800 Exception <a 'sun/nio/fs/WindowsException'> (0x00000000f98c8110) thrown at [D:\src\AOSP-openjdk-cygwin\jdk8u\hotspot\src\share\vm\prims\jni.cpp, line 709]
Event: 446.869 Thread 0x000000001fc6a800 Exception <a 'sun/nio/fs/WindowsException'> (0x00000000fa680bc0) thrown at [D:\src\AOSP-openjdk-cygwin\jdk8u\hotspot\src\share\vm\prims\jni.cpp, line 709]
Event: 446.872 Thread 0x000000001fc68000 Exception <a 'sun/nio/fs/WindowsException'> (0x00000000fa7aafb8) thrown at [D:\src\AOSP-openjdk-cygwin\jdk8u\hotspot\src\share\vm\prims\jni.cpp, line 709]
Event: 446.879 Thread 0x000000001fc67800 Exception <a 'sun/nio/fs/WindowsException'> (0x00000000fa9817e8) thrown at [D:\src\AOSP-openjdk-cygwin\jdk8u\hotspot\src\share\vm\prims\jni.cpp, line 709]

Events (10 events):
Event: 446.878 Thread 0x000000001fc6c000 Thread exited: 0x000000001fc6c000
Event: 446.878 Thread 0x000000001fc68000 Thread exited: 0x000000001fc68000
Event: 446.878 Thread 0x000000001fc6a800 Thread exited: 0x000000001fc6a800
Event: 446.916 Executing VM operation: RevokeBias
Event: 446.917 Executing VM operation: RevokeBias done
Event: 446.917 Thread 0x000000001fc67800 Thread exited: 0x000000001fc67800
Event: 447.071 Thread 0x000000001fc68000 Thread added: 0x000000001fc68000
Event: 447.071 Thread 0x000000001fc66000 Thread added: 0x000000001fc66000
Event: 447.071 Thread 0x00000000196c0800 Thread exited: 0x00000000196c0800
Event: 447.089 Executing VM operation: ParallelGCFailedAllocation


Dynamic libraries:
0x00007ff604380000 - 0x00007ff6043b1000 	F:\Programs\Android Studio\jre\bin\java.exe
0x00007ffc4b9d0000 - 0x00007ffc4bba1000 	C:\Windows\SYSTEM32\ntdll.dll
0x00007ffc48fe0000 - 0x00007ffc4908b000 	C:\Windows\System32\KERNEL32.DLL
0x00007ffc48d40000 - 0x00007ffc48f5d000 	C:\Windows\System32\KERNELBASE.dll
0x00007ffc49750000 - 0x00007ffc497f2000 	C:\Windows\System32\ADVAPI32.dll
0x00007ffc49800000 - 0x00007ffc4989e000 	C:\Windows\System32\msvcrt.dll
0x00007ffc49240000 - 0x00007ffc49299000 	C:\Windows\System32\sechost.dll
0x00007ffc49a40000 - 0x00007ffc49b61000 	C:\Windows\System32\RPCRT4.dll
0x00007ffc49090000 - 0x00007ffc491f5000 	C:\Windows\System32\USER32.dll
0x00007ffc48a70000 - 0x00007ffc48a8e000 	C:\Windows\System32\win32u.dll
0x00007ffc49560000 - 0x00007ffc49594000 	C:\Windows\System32\GDI32.dll
0x00007ffc47ec0000 - 0x00007ffc48042000 	C:\Windows\System32\gdi32full.dll
0x00007ffc3cd90000 - 0x00007ffc3d00a000 	C:\Windows\WinSxS\amd64_microsoft.windows.common-controls_6595b64144ccf1df_6.0.14393.726_none_42181c01c683592f\COMCTL32.dll
0x00007ffc49b70000 - 0x00007ffc49e38000 	C:\Windows\System32\combase.dll
0x00007ffc48af0000 - 0x00007ffc48be5000 	C:\Windows\System32\ucrtbase.dll
0x00007ffc48050000 - 0x00007ffc480ba000 	C:\Windows\System32\bcryptPrimitives.dll
0x00007ffc4b9a0000 - 0x00007ffc4b9ce000 	C:\Windows\System32\IMM32.DLL
0x0000000073920000 - 0x00000000739f2000 	F:\Programs\Android Studio\jre\jre\bin\msvcr100.dll
0x0000000073a00000 - 0x000000007423f000 	F:\Programs\Android Studio\jre\jre\bin\server\jvm.dll
0x00007ffc49220000 - 0x00007ffc49228000 	C:\Windows\System32\PSAPI.DLL
0x00007ffc45a80000 - 0x00007ffc45a89000 	C:\Windows\SYSTEM32\WSOCK32.dll
0x00007ffc496e0000 - 0x00007ffc4974a000 	C:\Windows\System32\WS2_32.dll
0x00007ffc462e0000 - 0x00007ffc46303000 	C:\Windows\SYSTEM32\WINMM.dll
0x00007ffc44cb0000 - 0x00007ffc44cba000 	C:\Windows\SYSTEM32\VERSION.dll
0x00007ffc46280000 - 0x00007ffc462ab000 	C:\Windows\SYSTEM32\WINMMBASE.dll
0x00007ffc48850000 - 0x00007ffc48892000 	C:\Windows\System32\cfgmgr32.dll
0x00007ffc45a70000 - 0x00007ffc45a7f000 	F:\Programs\Android Studio\jre\jre\bin\verify.dll
0x00007ffc45040000 - 0x00007ffc45069000 	F:\Programs\Android Studio\jre\jre\bin\java.dll
0x00007ffc457f0000 - 0x00007ffc45806000 	F:\Programs\Android Studio\jre\jre\bin\zip.dll
0x00007ffc4a000000 - 0x00007ffc4b509000 	C:\Windows\System32\SHELL32.dll
0x00007ffc48170000 - 0x00007ffc4884a000 	C:\Windows\System32\windows.storage.dll
0x00007ffc47e70000 - 0x00007ffc47ebc000 	C:\Windows\System32\powrprof.dll
0x00007ffc49500000 - 0x00007ffc49552000 	C:\Windows\System32\shlwapi.dll
0x00007ffc47e60000 - 0x00007ffc47e6f000 	C:\Windows\System32\kernel.appcore.dll
0x00007ffc48bf0000 - 0x00007ffc48c99000 	C:\Windows\System32\shcore.dll
0x00007ffc47e30000 - 0x00007ffc47e44000 	C:\Windows\System32\profapi.dll
0x00007ffc44cd0000 - 0x00007ffc44cea000 	F:\Programs\Android Studio\jre\jre\bin\net.dll
0x00007ffc47700000 - 0x00007ffc4775c000 	C:\Windows\system32\mswsock.dll
0x00007ffc448e0000 - 0x00007ffc448f1000 	F:\Programs\Android Studio\jre\jre\bin\nio.dll
0x00007ffc3c8f0000 - 0x00007ffc3c90e000 	C:\Users\User\.gradle\native\25\windows-amd64\native-platform.dll
0x00007ffc45a60000 - 0x00007ffc45a6d000 	F:\Programs\Android Studio\jre\jre\bin\management.dll
0x00007ffc478a0000 - 0x00007ffc478b7000 	C:\Windows\SYSTEM32\CRYPTSP.dll
0x00007ffc47310000 - 0x00007ffc47343000 	C:\Windows\system32\rsaenh.dll
0x00007ffc47cd0000 - 0x00007ffc47cfb000 	C:\Windows\SYSTEM32\bcrypt.dll
0x00007ffc47580000 - 0x00007ffc4759f000 	C:\Windows\SYSTEM32\USERENV.dll
0x00007ffc47cc0000 - 0x00007ffc47ccb000 	C:\Windows\SYSTEM32\CRYPTBASE.dll
0x00007ffc47490000 - 0x00007ffc474c8000 	C:\Windows\SYSTEM32\IPHLPAPI.DLL
0x00007ffc48fd0000 - 0x00007ffc48fd8000 	C:\Windows\System32\NSI.dll
0x00007ffc447d0000 - 0x00007ffc447e6000 	C:\Windows\SYSTEM32\dhcpcsvc6.DLL
0x00007ffc44970000 - 0x00007ffc4498a000 	C:\Windows\SYSTEM32\dhcpcsvc.DLL
0x00007ffc471e0000 - 0x00007ffc47212000 	C:\Windows\SYSTEM32\ntmarta.dll

VM Arguments:
jvm_args: -Xmx1536m -Dfile.encoding=windows-1251 -Duser.country=RU -Duser.language=ru -Duser.variant 
java_command: org.gradle.launcher.daemon.bootstrap.GradleDaemon 4.4
java_class_path (initial): C:\Users\User\.gradle\wrapper\dists\gradle-4.4-all\9br9xq1tocpiv8o6njlyu5op1\gradle-4.4\lib\gradle-launcher-4.4.jar
Launcher Type: SUN_STANDARD

Environment Variables:
PATH=C:\Program Files (x86)\Common Files\Oracle\Java\javapath;C:\Windows\system32;C:\Windows;C:\Windows\System32\Wbem;F:\Programs\Putty\;C:\Users\User\AppData\Local\Microsoft\WindowsApps;F:\Programs\AppServ\Apache24\bin;F:\Programs\AppServ\php5;F:\Programs\AppServ\MySQL\bin
USERNAME=User
OS=Windows_NT
PROCESSOR_IDENTIFIER=Intel64 Family 6 Model 42 Stepping 7, GenuineIntel



---------------  S Y S T E M  ---------------

OS: Windows 10.0 , 64 bit Build 14393 (10.0.14393.0)

CPU:total 4 (initial active 4) (2 cores per cpu, 2 threads per core) family 6 model 42 stepping 7, cmov, cx8, fxsr, mmx, sse, sse2, sse3, ssse3, sse4.1, sse4.2, popcnt, avx, aes, clmul, ht, tsc, tscinvbit

Memory: 4k page, physical 4042604k(110204k free), swap 4042604k(3068k free)

vm_info: OpenJDK 64-Bit Server VM (25.152-b02) for windows-amd64 JRE (1.8.0_152-release-1024-b02), built by "builder" with MS VC++ 10.0 (VS2010)

time: Tue Jul 31 19:32:17 2018
elapsed time: 447 seconds (0d 0h 7m 27s)

