#
# There is insufficient memory for the Java Runtime Environment to continue.
# Native memory allocation (malloc) failed to allocate 1836480 bytes for Chunk::new
# Possible reasons:
#   The system is out of physical RAM or swap space
#   In 32 bit mode, the process size limit was hit
# Possible solutions:
#   Reduce memory load on the system
#   Increase physical memory or swap space
#   Check if swap backing store is full
#   Use 64 bit Java on a 64 bit OS
#   Decrease Java heap size (-Xmx/-Xms)
#   Decrease number of Java threads
#   Decrease Java thread stack sizes (-Xss)
#   Set larger code cache with -XX:ReservedCodeCacheSize=
# This output file may be truncated or incomplete.
#
#  Out of Memory Error (allocation.cpp:390), pid=2300, tid=0x0000000000001180
#
# JRE version: OpenJDK Runtime Environment (8.0_152-b02) (build 1.8.0_152-release-1024-b02)
# Java VM: OpenJDK 64-Bit Server VM (25.152-b02 mixed mode windows-amd64 compressed oops)
# Failed to write core dump. Minidumps are not enabled by default on client versions of Windows
#

---------------  T H R E A D  ---------------

Current thread (0x0000000016988800):  JavaThread "C2 CompilerThread0" daemon [_thread_in_native, id=4480, stack(0x0000000017fe0000,0x00000000180e0000)]

Stack: [0x0000000017fe0000,0x00000000180e0000]
[error occurred during error reporting (printing stack bounds), id 0xc0000005]

Native frames: (J=compiled Java code, j=interpreted, Vv=VM code, C=native code)


Current CompileTask:
C2:  11085 4971       4       java.net.URLClassLoader$1::run (5 bytes)


---------------  P R O C E S S  ---------------

Java Threads: ( => current thread )
  0x000000001d17e800 JavaThread "Memory manager" [_thread_blocked, id=4056, stack(0x0000000021f90000,0x0000000022090000)]
  0x000000001d17d000 JavaThread "build operations Thread 4" [_thread_blocked, id=4532, stack(0x0000000021890000,0x0000000021990000)]
  0x000000001d180000 JavaThread "build operations Thread 3" [_thread_blocked, id=1152, stack(0x0000000021790000,0x0000000021890000)]
  0x000000001d17c000 JavaThread "build operations Thread 2" [_thread_blocked, id=5100, stack(0x0000000021690000,0x0000000021790000)]
  0x000000001d17b800 JavaThread "build operations" [_thread_blocked, id=4484, stack(0x0000000021590000,0x0000000021690000)]
  0x000000001d180800 JavaThread "Cache worker for Artifact transforms cache (C:\Users\User\.gradle\caches\transforms-1)" [_thread_blocked, id=2140, stack(0x000000001eb70000,0x000000001ec70000)]
  0x0000000019a44000 JavaThread "Cache worker for file hash cache (F:\AndroidStudioProjects\MyApplication\.gradle\4.4\fileHashes)" [_thread_blocked, id=2796, stack(0x000000001c500000,0x000000001c600000)]
  0x0000000019c70800 JavaThread "File lock request listener" [_thread_in_native, id=2116, stack(0x000000001b430000,0x000000001b530000)]
  0x0000000019895800 JavaThread "Cache worker for file hash cache (C:\Users\User\.gradle\caches\4.4\fileHashes)" [_thread_blocked, id=3796, stack(0x000000001b330000,0x000000001b430000)]
  0x00000000198ac000 JavaThread "Stdin handler" [_thread_blocked, id=604, stack(0x000000001b030000,0x000000001b130000)]
  0x00000000198b4800 JavaThread "Asynchronous log dispatcher for DefaultDaemonConnection: socket connection from /127.0.0.1:50183 to /127.0.0.1:50184" [_thread_blocked, id=4664, stack(0x000000001af30000,0x000000001b030000)]
  0x000000001989e800 JavaThread "Daemon worker" [_thread_in_vm, id=4176, stack(0x000000001ae30000,0x000000001af30000)]
  0x000000001989c800 JavaThread "Cancel handler" [_thread_blocked, id=668, stack(0x000000001ad30000,0x000000001ae30000)]
  0x00000000195f9800 JavaThread "Handler for socket connection from /127.0.0.1:50183 to /127.0.0.1:50184" [_thread_in_native, id=3684, stack(0x000000001aa30000,0x000000001ab30000)]
  0x00000000199b7800 JavaThread "Daemon" [_thread_blocked, id=4652, stack(0x000000001a930000,0x000000001aa30000)]
  0x00000000199a0000 JavaThread "Daemon periodic checks" [_thread_blocked, id=4860, stack(0x000000001a830000,0x000000001a930000)]
  0x0000000019474000 JavaThread "Incoming local TCP Connector on port 50183" [_thread_in_native, id=4396, stack(0x000000001a5f0000,0x000000001a6f0000)]
  0x0000000018221000 JavaThread "Service Thread" daemon [_thread_blocked, id=1648, stack(0x00000000186e0000,0x00000000187e0000)]
  0x00000000181e8800 JavaThread "C1 CompilerThread2" daemon [_thread_blocked, id=4688, stack(0x00000000185e0000,0x00000000186e0000)]
  0x00000000169e3800 JavaThread "C2 CompilerThread1" daemon [_thread_in_native, id=3652, stack(0x00000000180e0000,0x00000000181e0000)]
=>0x0000000016988800 JavaThread "C2 CompilerThread0" daemon [_thread_in_native, id=4480, stack(0x0000000017fe0000,0x00000000180e0000)]
  0x0000000016997000 JavaThread "Attach Listener" daemon [_thread_blocked, id=4460, stack(0x0000000017ee0000,0x0000000017fe0000)]
  0x0000000016996000 JavaThread "Signal Dispatcher" daemon [_thread_blocked, id=2912, stack(0x0000000017de0000,0x0000000017ee0000)]
  0x0000000016977000 JavaThread "Finalizer" daemon [_thread_blocked, id=4212, stack(0x0000000017bf0000,0x0000000017cf0000)]
  0x0000000003011000 JavaThread "Reference Handler" daemon [_thread_blocked, id=3048, stack(0x0000000017af0000,0x0000000017bf0000)]
  0x0000000002f22800 JavaThread "main" [_thread_blocked, id=3128, stack(0x0000000002e20000,0x0000000002f20000)]

Other Threads:
  0x0000000016955000 VMThread [stack: 0x00000000179f0000,0x0000000017af0000] [id=5068]
  0x00000000169eb000 WatcherThread [stack: 0x00000000187e0000,0x00000000188e0000] [id=508]

VM state:not at safepoint (normal execution)

VM Mutex/Monitor currently owned by a thread: None

Heap:
 PSYoungGen      total 133120K, used 126279K [0x00000000e0000000, 0x00000000e9180000, 0x0000000100000000)
  eden space 121344K, 94% used [0x00000000e0000000,0x00000000e6fd7950,0x00000000e7680000)
  from space 11776K, 99% used [0x00000000e8600000,0x00000000e917a460,0x00000000e9180000)
  to   space 8704K, 0% used [0x00000000e7680000,0x00000000e7680000,0x00000000e7f00000)
 ParOldGen       total 61440K, used 21082K [0x00000000a0000000, 0x00000000a3c00000, 0x00000000e0000000)
  object space 61440K, 34% used [0x00000000a0000000,0x00000000a1496898,0x00000000a3c00000)
 Metaspace       used 50094K, capacity 51494K, committed 51712K, reserved 1093632K
  class space    used 6826K, capacity 7166K, committed 7168K, reserved 1048576K

Card table byte_map: [0x00000000123e0000,0x00000000126f0000] byte_map_base: 0x0000000011ee0000

Marking Bits: (ParMarkBitMap*) 0x000000005a414970
 Begin Bits: [0x0000000012cf0000, 0x00000000144f0000)
 End Bits:   [0x00000000144f0000, 0x0000000015cf0000)

Polling page: 0x0000000002d50000

CodeCache: size=245760Kb used=16794Kb max_used=16794Kb free=228965Kb
 bounds [0x0000000003020000, 0x00000000040a0000, 0x0000000012020000]
 total_blobs=5606 nmethods=4856 adapters=662
 compilation: enabled

Compilation events (10 events):
Event: 11.068 Thread 0x00000000181e8800 5211       1       java.util.Spliterators$IteratorSpliterator::characteristics (5 bytes)
Event: 11.068 Thread 0x00000000181e8800 nmethod 5211 0x00000000037d7b10 code [0x00000000037d7c60, 0x00000000037d7d70]
Event: 11.069 Thread 0x00000000181e8800 5212       3       org.gradle.api.internal.file.CompositeFileCollection::<init> (5 bytes)
Event: 11.069 Thread 0x00000000181e8800 nmethod 5212 0x00000000037d7690 code [0x00000000037d7800, 0x00000000037d7a10]
Event: 11.069 Thread 0x00000000181e8800 5213       3       com.google.common.collect.RegularImmutableSet::contains (56 bytes)
Event: 11.070 Thread 0x00000000181e8800 nmethod 5213 0x000000000408fdd0 code [0x000000000408ff80, 0x00000000040905f8]
Event: 11.076 Thread 0x00000000181e8800 5214       3       com.google.common.collect.Iterators$8::hasNext (13 bytes)
Event: 11.076 Thread 0x00000000181e8800 nmethod 5214 0x0000000004090e10 code [0x0000000004090f60, 0x0000000004091110]
Event: 11.077 Thread 0x00000000181e8800 5215       3       com.google.common.base.Preconditions::checkState (13 bytes)
Event: 11.077 Thread 0x00000000181e8800 nmethod 5215 0x0000000004091190 code [0x0000000004091300, 0x0000000004091528]

GC Heap History (10 events):
Event: 3.795 GC heap before
{Heap before GC invocations=8 (full 1):
 PSYoungGen      total 69632K, used 5969K [0x00000000e0000000, 0x00000000e8800000, 0x0000000100000000)
  eden space 61952K, 0% used [0x00000000e0000000,0x00000000e0000000,0x00000000e3c80000)
  from space 7680K, 77% used [0x00000000e3c80000,0x00000000e4254638,0x00000000e4400000)
  to   space 7680K, 0% used [0x00000000e8080000,0x00000000e8080000,0x00000000e8800000)
 ParOldGen       total 42496K, used 7498K [0x00000000a0000000, 0x00000000a2980000, 0x00000000e0000000)
  object space 42496K, 17% used [0x00000000a0000000,0x00000000a0752bc8,0x00000000a2980000)
 Metaspace       used 20819K, capacity 21204K, committed 21248K, reserved 1067008K
  class space    used 2907K, capacity 3042K, committed 3072K, reserved 1048576K
Event: 3.845 GC heap after
Heap after GC invocations=8 (full 1):
 PSYoungGen      total 69632K, used 0K [0x00000000e0000000, 0x00000000e8800000, 0x0000000100000000)
  eden space 61952K, 0% used [0x00000000e0000000,0x00000000e0000000,0x00000000e3c80000)
  from space 7680K, 0% used [0x00000000e3c80000,0x00000000e3c80000,0x00000000e4400000)
  to   space 7680K, 0% used [0x00000000e8080000,0x00000000e8080000,0x00000000e8800000)
 ParOldGen       total 37376K, used 10748K [0x00000000a0000000, 0x00000000a2480000, 0x00000000e0000000)
  object space 37376K, 28% used [0x00000000a0000000,0x00000000a0a7f0a0,0x00000000a2480000)
 Metaspace       used 20819K, capacity 21204K, committed 21248K, reserved 1067008K
  class space    used 2907K, capacity 3042K, committed 3072K, reserved 1048576K
}
Event: 5.100 GC heap before
{Heap before GC invocations=9 (full 1):
 PSYoungGen      total 69632K, used 61952K [0x00000000e0000000, 0x00000000e8800000, 0x0000000100000000)
  eden space 61952K, 100% used [0x00000000e0000000,0x00000000e3c80000,0x00000000e3c80000)
  from space 7680K, 0% used [0x00000000e3c80000,0x00000000e3c80000,0x00000000e4400000)
  to   space 7680K, 0% used [0x00000000e8080000,0x00000000e8080000,0x00000000e8800000)
 ParOldGen       total 37376K, used 10748K [0x00000000a0000000, 0x00000000a2480000, 0x00000000e0000000)
  object space 37376K, 28% used [0x00000000a0000000,0x00000000a0a7f0a0,0x00000000a2480000)
 Metaspace       used 26367K, capacity 26894K, committed 27136K, reserved 1073152K
  class space    used 3622K, capacity 3799K, committed 3840K, reserved 1048576K
Event: 5.111 GC heap after
Heap after GC invocations=9 (full 1):
 PSYoungGen      total 102912K, used 7004K [0x00000000e0000000, 0x00000000e8780000, 0x0000000100000000)
  eden space 95744K, 0% used [0x00000000e0000000,0x00000000e0000000,0x00000000e5d80000)
  from space 7168K, 97% used [0x00000000e8080000,0x00000000e8757330,0x00000000e8780000)
  to   space 8704K, 0% used [0x00000000e7680000,0x00000000e7680000,0x00000000e7f00000)
 ParOldGen       total 37376K, used 10756K [0x00000000a0000000, 0x00000000a2480000, 0x00000000e0000000)
  object space 37376K, 28% used [0x00000000a0000000,0x00000000a0a810a0,0x00000000a2480000)
 Metaspace       used 26367K, capacity 26894K, committed 27136K, reserved 1073152K
  class space    used 3622K, capacity 3799K, committed 3840K, reserved 1048576K
}
Event: 7.071 GC heap before
{Heap before GC invocations=10 (full 1):
 PSYoungGen      total 102912K, used 98550K [0x00000000e0000000, 0x00000000e8780000, 0x0000000100000000)
  eden space 95744K, 95% used [0x00000000e0000000,0x00000000e5966628,0x00000000e5d80000)
  from space 7168K, 97% used [0x00000000e8080000,0x00000000e8757330,0x00000000e8780000)
  to   space 8704K, 0% used [0x00000000e7680000,0x00000000e7680000,0x00000000e7f00000)
 ParOldGen       total 37376K, used 10756K [0x00000000a0000000, 0x00000000a2480000, 0x00000000e0000000)
  object space 37376K, 28% used [0x00000000a0000000,0x00000000a0a810a0,0x00000000a2480000)
 Metaspace       used 34758K, capacity 35282K, committed 35416K, reserved 1079296K
  class space    used 4792K, capacity 5003K, committed 5120K, reserved 1048576K
Event: 7.087 GC heap after
Heap after GC invocations=10 (full 1):
 PSYoungGen      total 130048K, used 8701K [0x00000000e0000000, 0x00000000e9180000, 0x0000000100000000)
  eden space 121344K, 0% used [0x00000000e0000000,0x00000000e0000000,0x00000000e7680000)
  from space 8704K, 99% used [0x00000000e7680000,0x00000000e7eff588,0x00000000e7f00000)
  to   space 11776K, 0% used [0x00000000e8600000,0x00000000e8600000,0x00000000e9180000)
 ParOldGen       total 37376K, used 15193K [0x00000000a0000000, 0x00000000a2480000, 0x00000000e0000000)
  object space 37376K, 40% used [0x00000000a0000000,0x00000000a0ed6588,0x00000000a2480000)
 Metaspace       used 34758K, capacity 35282K, committed 35416K, reserved 1079296K
  class space    used 4792K, capacity 5003K, committed 5120K, reserved 1048576K
}
Event: 7.087 GC heap before
{Heap before GC invocations=11 (full 2):
 PSYoungGen      total 130048K, used 8701K [0x00000000e0000000, 0x00000000e9180000, 0x0000000100000000)
  eden space 121344K, 0% used [0x00000000e0000000,0x00000000e0000000,0x00000000e7680000)
  from space 8704K, 99% used [0x00000000e7680000,0x00000000e7eff588,0x00000000e7f00000)
  to   space 11776K, 0% used [0x00000000e8600000,0x00000000e8600000,0x00000000e9180000)
 ParOldGen       total 37376K, used 15193K [0x00000000a0000000, 0x00000000a2480000, 0x00000000e0000000)
  object space 37376K, 40% used [0x00000000a0000000,0x00000000a0ed6588,0x00000000a2480000)
 Metaspace       used 34758K, capacity 35282K, committed 35416K, reserved 1079296K
  class space    used 4792K, capacity 5003K, committed 5120K, reserved 1048576K
Event: 7.180 GC heap after
Heap after GC invocations=11 (full 2):
 PSYoungGen      total 130048K, used 0K [0x00000000e0000000, 0x00000000e9180000, 0x0000000100000000)
  eden space 121344K, 0% used [0x00000000e0000000,0x00000000e0000000,0x00000000e7680000)
  from space 8704K, 0% used [0x00000000e7680000,0x00000000e7680000,0x00000000e7f00000)
  to   space 11776K, 0% used [0x00000000e8600000,0x00000000e8600000,0x00000000e9180000)
 ParOldGen       total 61440K, used 19443K [0x00000000a0000000, 0x00000000a3c00000, 0x00000000e0000000)
  object space 61440K, 31% used [0x00000000a0000000,0x00000000a12fcc20,0x00000000a3c00000)
 Metaspace       used 34758K, capacity 35282K, committed 35416K, reserved 1079296K
  class space    used 4792K, capacity 5003K, committed 5120K, reserved 1048576K
}
Event: 9.226 GC heap before
{Heap before GC invocations=12 (full 2):
 PSYoungGen      total 130048K, used 121344K [0x00000000e0000000, 0x00000000e9180000, 0x0000000100000000)
  eden space 121344K, 100% used [0x00000000e0000000,0x00000000e7680000,0x00000000e7680000)
  from space 8704K, 0% used [0x00000000e7680000,0x00000000e7680000,0x00000000e7f00000)
  to   space 11776K, 0% used [0x00000000e8600000,0x00000000e8600000,0x00000000e9180000)
 ParOldGen       total 61440K, used 19443K [0x00000000a0000000, 0x00000000a3c00000, 0x00000000e0000000)
  object space 61440K, 31% used [0x00000000a0000000,0x00000000a12fcc20,0x00000000a3c00000)
 Metaspace       used 42564K, capacity 43424K, committed 43648K, reserved 1087488K
  class space    used 5872K, capacity 6173K, committed 6272K, reserved 1048576K
Event: 9.250 GC heap after
Heap after GC invocations=12 (full 2):
 PSYoungGen      total 133120K, used 11753K [0x00000000e0000000, 0x00000000e9180000, 0x0000000100000000)
  eden space 121344K, 0% used [0x00000000e0000000,0x00000000e0000000,0x00000000e7680000)
  from space 11776K, 99% used [0x00000000e8600000,0x00000000e917a460,0x00000000e9180000)
  to   space 8704K, 0% used [0x00000000e7680000,0x00000000e7680000,0x00000000e7f00000)
 ParOldGen       total 61440K, used 21082K [0x00000000a0000000, 0x00000000a3c00000, 0x00000000e0000000)
  object space 61440K, 34% used [0x00000000a0000000,0x00000000a1496898,0x00000000a3c00000)
 Metaspace       used 42564K, capacity 43424K, committed 43648K, reserved 1087488K
  class space    used 5872K, capacity 6173K, committed 6272K, reserved 1048576K
}

Deoptimization events (10 events):
Event: 9.347 Thread 0x000000001989e800 Uncommon trap: reason=class_check action=maybe_recompile pc=0x0000000003594ebc method=java.io.DataInputStream.readUnsignedShort()I @ 4
Event: 9.347 Thread 0x000000001989e800 Uncommon trap: reason=class_check action=maybe_recompile pc=0x0000000003594ebc method=java.io.DataInputStream.readUnsignedShort()I @ 4
Event: 9.410 Thread 0x000000001989e800 Uncommon trap: reason=unstable_if action=reinterpret pc=0x0000000003d36458 method=java.io.DataInputStream.readUTF(Ljava/io/DataInput;)Ljava/lang/String; @ 31
Event: 9.609 Thread 0x000000001989e800 Uncommon trap: reason=unstable_if action=reinterpret pc=0x000000000390e4dc method=java.util.WeakHashMap.remove(Ljava/lang/Object;)Ljava/lang/Object; @ 94
Event: 9.632 Thread 0x000000001989e800 Uncommon trap: reason=unstable_if action=reinterpret pc=0x0000000003c8593c method=java.util.regex.Pattern$BmpCharProperty.match(Ljava/util/regex/Matcher;ILjava/lang/CharSequence;)Z @ 34
Event: 9.632 Thread 0x000000001989e800 Uncommon trap: reason=unstable_if action=reinterpret pc=0x0000000003311a60 method=java.util.regex.Pattern$BmpCharProperty.match(Ljava/util/regex/Matcher;ILjava/lang/CharSequence;)Z @ 34
Event: 10.580 Thread 0x000000001989e800 Uncommon trap: reason=unstable_if action=reinterpret pc=0x00000000038fe9c8 method=org.objectweb.asm.ByteVector.putUTF8(Ljava/lang/String;)Lorg/objectweb/asm/ByteVector; @ 91
Event: 10.643 Thread 0x000000001989e800 Uncommon trap: reason=unstable_if action=reinterpret pc=0x0000000003893ab4 method=java.lang.String.lastIndexOf([CII[CIII)I @ 118
Event: 10.650 Thread 0x000000001989e800 Uncommon trap: reason=unstable_if action=reinterpret pc=0x00000000037cd370 method=org.objectweb.asm.ByteVector.putUTF8(Ljava/lang/String;)Lorg/objectweb/asm/ByteVector; @ 91
Event: 10.843 Thread 0x000000001989e800 Uncommon trap: reason=unstable_if action=reinterpret pc=0x0000000003e14328 method=java.util.regex.Pattern$GroupTail.match(Ljava/util/regex/Matcher;ILjava/lang/CharSequence;)Z @ 73

Classes redefined (0 events):
No events

Internal exceptions (10 events):
Event: 10.201 Thread 0x000000001989e800 Exception <a 'sun/nio/fs/WindowsException'> (0x00000000e4951708) thrown at [D:\src\AOSP-openjdk-cygwin\jdk8u\hotspot\src\share\vm\prims\jni.cpp, line 709]
Event: 10.203 Thread 0x000000001989e800 Exception <a 'sun/nio/fs/WindowsException'> (0x00000000e49605a8) thrown at [D:\src\AOSP-openjdk-cygwin\jdk8u\hotspot\src\share\vm\prims\jni.cpp, line 709]
Event: 10.203 Thread 0x000000001989e800 Exception <a 'sun/nio/fs/WindowsException'> (0x00000000e4960fd8) thrown at [D:\src\AOSP-openjdk-cygwin\jdk8u\hotspot\src\share\vm\prims\jni.cpp, line 709]
Event: 10.203 Thread 0x000000001989e800 Exception <a 'sun/nio/fs/WindowsException'> (0x00000000e4962a38) thrown at [D:\src\AOSP-openjdk-cygwin\jdk8u\hotspot\src\share\vm\prims\jni.cpp, line 709]
Event: 10.203 Thread 0x000000001989e800 Exception <a 'sun/nio/fs/WindowsException'> (0x00000000e49634a8) thrown at [D:\src\AOSP-openjdk-cygwin\jdk8u\hotspot\src\share\vm\prims\jni.cpp, line 709]
Event: 10.216 Thread 0x000000001989e800 Exception <a 'java/lang/NoSuchMethodError': java.lang.Object.lambda$comparing$77a9974f$1(Ljava/util/function/Function;Ljava/lang/Object;Ljava/lang/Object;)I> (0x00000000e49f84a0) thrown at [D:\src\AOSP-openjdk-cygwin\jdk8u\hotspot\src\share\vm\interpreter
Event: 10.218 Thread 0x000000001989e800 Exception <a 'java/lang/NoSuchMethodError': java.lang.Object.lambda$thenComparing$36697e65$1(Ljava/util/Comparator;Ljava/lang/Object;Ljava/lang/Object;)I> (0x00000000e4a03b18) thrown at [D:\src\AOSP-openjdk-cygwin\jdk8u\hotspot\src\share\vm\interpreter\li
Event: 10.234 Thread 0x000000001989e800 Exception <a 'java/lang/NoSuchMethodError': java.lang.Object.lambda$maxBy$1(Ljava/util/Comparator;Ljava/lang/Object;Ljava/lang/Object;)Ljava/lang/Object;> (0x00000000e4aa3d40) thrown at [D:\src\AOSP-openjdk-cygwin\jdk8u\hotspot\src\share\vm\interpreter\li
Event: 10.500 Thread 0x000000001989e800 Exception <a 'java/lang/ClassNotFoundException': org/gradle/api/plugins/BasePluginConventionBeanInfo> (0x00000000e547ea98) thrown at [D:\src\AOSP-openjdk-cygwin\jdk8u\hotspot\src\share\vm\classfile\systemDictionary.cpp, line 210]
Event: 10.500 Thread 0x000000001989e800 Exception <a 'java/lang/ClassNotFoundException': org/gradle/api/plugins/BasePluginConventionCustomizer> (0x00000000e54a11c8) thrown at [D:\src\AOSP-openjdk-cygwin\jdk8u\hotspot\src\share\vm\classfile\systemDictionary.cpp, line 210]

Events (10 events):
Event: 11.079 loading class com/android/ide/common/process/ProcessOutput
Event: 11.079 loading class com/android/ide/common/process/ProcessOutput done
Event: 11.079 loading class com/android/build/gradle/internal/transforms/DexMergerTransformCallable
Event: 11.079 loading class com/android/build/gradle/internal/transforms/DexMergerTransformCallable done
Event: 11.080 loading class com/android/ide/common/blame/MessageReceiver
Event: 11.080 loading class com/android/ide/common/blame/MessageReceiver done
Event: 11.081 loading class com/android/build/gradle/internal/transforms/DexMergerTransformCallable$Factory
Event: 11.081 loading class com/android/build/gradle/internal/transforms/DexMergerTransformCallable$Factory done
Event: 11.081 loading class com/android/build/gradle/internal/transforms/DexMergerTransformCallable$Factory
Event: 11.081 loading class com/android/build/gradle/internal/transforms/DexMergerTransformCallable$Factory done


Dynamic libraries:
0x00007ff784ed0000 - 0x00007ff784f01000 	F:\Programs\Android Studio\jre\bin\java.exe
0x00007ffe631d0000 - 0x00007ffe633a1000 	C:\Windows\SYSTEM32\ntdll.dll
0x00007ffe61030000 - 0x00007ffe610db000 	C:\Windows\System32\KERNEL32.DLL
0x00007ffe60540000 - 0x00007ffe6075d000 	C:\Windows\System32\KERNELBASE.dll
0x00007ffe61280000 - 0x00007ffe61322000 	C:\Windows\System32\ADVAPI32.dll
0x00007ffe62da0000 - 0x00007ffe62e3e000 	C:\Windows\System32\msvcrt.dll
0x00007ffe60b90000 - 0x00007ffe60be9000 	C:\Windows\System32\sechost.dll
0x00007ffe610f0000 - 0x00007ffe61211000 	C:\Windows\System32\RPCRT4.dll
0x00007ffe62b40000 - 0x00007ffe62ca5000 	C:\Windows\System32\USER32.dll
0x00007ffe60520000 - 0x00007ffe6053e000 	C:\Windows\System32\win32u.dll
0x00007ffe63110000 - 0x00007ffe63144000 	C:\Windows\System32\GDI32.dll
0x00007ffe60120000 - 0x00007ffe602a2000 	C:\Windows\System32\gdi32full.dll
0x00007ffe541b0000 - 0x00007ffe5442a000 	C:\Windows\WinSxS\amd64_microsoft.windows.common-controls_6595b64144ccf1df_6.0.14393.726_none_42181c01c683592f\COMCTL32.dll
0x00007ffe62e40000 - 0x00007ffe63108000 	C:\Windows\System32\combase.dll
0x00007ffe602b0000 - 0x00007ffe603a5000 	C:\Windows\System32\ucrtbase.dll
0x00007ffe60410000 - 0x00007ffe6047a000 	C:\Windows\System32\bcryptPrimitives.dll
0x00007ffe62d70000 - 0x00007ffe62d9e000 	C:\Windows\System32\IMM32.DLL
0x0000000059b70000 - 0x0000000059c42000 	F:\Programs\Android Studio\jre\jre\bin\msvcr100.dll
0x0000000059c50000 - 0x000000005a48f000 	F:\Programs\Android Studio\jre\jre\bin\server\jvm.dll
0x00007ffe61020000 - 0x00007ffe61028000 	C:\Windows\System32\PSAPI.DLL
0x00007ffe54fe0000 - 0x00007ffe54fe9000 	C:\Windows\SYSTEM32\WSOCK32.dll
0x00007ffe5dae0000 - 0x00007ffe5db03000 	C:\Windows\SYSTEM32\WINMM.dll
0x00007ffe60fb0000 - 0x00007ffe6101a000 	C:\Windows\System32\WS2_32.dll
0x00007ffe58450000 - 0x00007ffe5845a000 	C:\Windows\SYSTEM32\VERSION.dll
0x00007ffe5da50000 - 0x00007ffe5da7b000 	C:\Windows\SYSTEM32\WINMMBASE.dll
0x00007ffe60020000 - 0x00007ffe60062000 	C:\Windows\System32\cfgmgr32.dll
0x00007ffe5c790000 - 0x00007ffe5c79f000 	F:\Programs\Android Studio\jre\jre\bin\verify.dll
0x00007ffe53c10000 - 0x00007ffe53c39000 	F:\Programs\Android Studio\jre\jre\bin\java.dll
0x00007ffe5c770000 - 0x00007ffe5c786000 	F:\Programs\Android Studio\jre\jre\bin\zip.dll
0x00007ffe61630000 - 0x00007ffe62b39000 	C:\Windows\System32\SHELL32.dll
0x00007ffe5f6c0000 - 0x00007ffe5fd9a000 	C:\Windows\System32\windows.storage.dll
0x00007ffe5f650000 - 0x00007ffe5f69c000 	C:\Windows\System32\powrprof.dll
0x00007ffe615d0000 - 0x00007ffe61622000 	C:\Windows\System32\shlwapi.dll
0x00007ffe5f6b0000 - 0x00007ffe5f6bf000 	C:\Windows\System32\kernel.appcore.dll
0x00007ffe60070000 - 0x00007ffe60119000 	C:\Windows\System32\shcore.dll
0x00007ffe5f630000 - 0x00007ffe5f644000 	C:\Windows\System32\profapi.dll
0x00007ffe53bf0000 - 0x00007ffe53c0a000 	F:\Programs\Android Studio\jre\jre\bin\net.dll
0x00007ffe5ef00000 - 0x00007ffe5ef5c000 	C:\Windows\system32\mswsock.dll
0x00007ffe53bd0000 - 0x00007ffe53be1000 	F:\Programs\Android Studio\jre\jre\bin\nio.dll
0x00007ffe5ced0000 - 0x00007ffe5ceee000 	C:\Users\User\.gradle\native\25\windows-amd64\native-platform.dll
0x00007ffe56610000 - 0x00007ffe5661d000 	F:\Programs\Android Studio\jre\jre\bin\management.dll
0x00007ffe5f0a0000 - 0x00007ffe5f0b7000 	C:\Windows\SYSTEM32\CRYPTSP.dll
0x00007ffe5eb10000 - 0x00007ffe5eb43000 	C:\Windows\system32\rsaenh.dll
0x00007ffe5f4d0000 - 0x00007ffe5f4fb000 	C:\Windows\SYSTEM32\bcrypt.dll
0x00007ffe5ed80000 - 0x00007ffe5ed9f000 	C:\Windows\SYSTEM32\USERENV.dll
0x00007ffe5f0c0000 - 0x00007ffe5f0cb000 	C:\Windows\SYSTEM32\CRYPTBASE.dll
0x00007ffe5ec90000 - 0x00007ffe5ecc8000 	C:\Windows\SYSTEM32\IPHLPAPI.DLL
0x00007ffe631c0000 - 0x00007ffe631c8000 	C:\Windows\System32\NSI.dll
0x00007ffe5c5d0000 - 0x00007ffe5c5e6000 	C:\Windows\SYSTEM32\dhcpcsvc6.DLL
0x00007ffe5c520000 - 0x00007ffe5c53a000 	C:\Windows\SYSTEM32\dhcpcsvc.DLL

VM Arguments:
jvm_args: -Xmx1536m -Dfile.encoding=windows-1251 -Duser.country=RU -Duser.language=ru -Duser.variant 
java_command: org.gradle.launcher.daemon.bootstrap.GradleDaemon 4.4
java_class_path (initial): C:\Users\User\.gradle\wrapper\dists\gradle-4.4-all\9br9xq1tocpiv8o6njlyu5op1\gradle-4.4\lib\gradle-launcher-4.4.jar
Launcher Type: SUN_STANDARD

Environment Variables:
PATH=C:\Program Files\Microsoft MPI\Bin\;C:\Program Files (x86)\Common Files\Oracle\Java\javapath;C:\Windows\system32;C:\Windows;C:\Windows\System32\Wbem;F:\Programs\Putty\;C:\Program Files\dotnet\;C:\Program Files (x86)\Common Files\Acronis\SnapAPI\;C:\Program Files\Microsoft SQL Server\130\Tools\Binn\;C:\Users\User\AppData\Local\Microsoft\WindowsApps;F:\Programs\AppServ\Apache24\bin;F:\Programs\AppServ\php5;F:\Programs\AppServ\MySQL\bin
USERNAME=User
OS=Windows_NT
PROCESSOR_IDENTIFIER=Intel64 Family 6 Model 42 Stepping 7, GenuineIntel



---------------  S Y S T E M  ---------------

OS: Windows 10.0 , 64 bit Build 14393 (10.0.14393.0)

CPU:total 4 (initial active 4) (2 cores per cpu, 2 threads per core) family 6 model 42 stepping 7, cmov, cx8, fxsr, mmx, sse, sse2, sse3, ssse3, sse4.1, sse4.2, popcnt, avx, aes, clmul, ht, tsc, tscinvbit

Memory: 4k page, physical 4042604k(259028k free), swap 4042604k(5984k free)

vm_info: OpenJDK 64-Bit Server VM (25.152-b02) for windows-amd64 JRE (1.8.0_152-release-1024-b02), built by "builder" with MS VC++ 10.0 (VS2010)

time: Sat Aug 04 20:34:29 2018
elapsed time: 11 seconds (0d 0h 0m 11s)

