#
# There is insufficient memory for the Java Runtime Environment to continue.
# Native memory allocation (malloc) failed to allocate 1637456 bytes for Chunk::new
# Possible reasons:
#   The system is out of physical RAM or swap space
#   In 32 bit mode, the process size limit was hit
# Possible solutions:
#   Reduce memory load on the system
#   Increase physical memory or swap space
#   Check if swap backing store is full
#   Use 64 bit Java on a 64 bit OS
#   Decrease Java heap size (-Xmx/-Xms)
#   Decrease number of Java threads
#   Decrease Java thread stack sizes (-Xss)
#   Set larger code cache with -XX:ReservedCodeCacheSize=
# This output file may be truncated or incomplete.
#
#  Out of Memory Error (allocation.cpp:390), pid=4116, tid=0x0000000000000ae8
#
# JRE version: OpenJDK Runtime Environment (8.0_152-b02) (build 1.8.0_152-release-1024-b02)
# Java VM: OpenJDK 64-Bit Server VM (25.152-b02 mixed mode windows-amd64 compressed oops)
# Failed to write core dump. Minidumps are not enabled by default on client versions of Windows
#

---------------  T H R E A D  ---------------

Current thread (0x0000000015e7d800):  JavaThread "C2 CompilerThread1" daemon [_thread_in_native, id=2792, stack(0x00000000175c0000,0x00000000176c0000)]

Stack: [0x00000000175c0000,0x00000000176c0000]
[error occurred during error reporting (printing stack bounds), id 0xc0000005]

Native frames: (J=compiled Java code, j=interpreted, Vv=VM code, C=native code)


Current CompileTask:
C2:  11147 5569       4       org.gradle.model.internal.type.ModelType::wrap (219 bytes)


---------------  P R O C E S S  ---------------

Java Threads: ( => current thread )
  0x000000001bf28000 JavaThread "Task worker for ':' Thread 3" [_thread_blocked, id=2768, stack(0x0000000022670000,0x0000000022770000)]
  0x000000001bf26800 JavaThread "Task worker for ':' Thread 2" [_thread_in_native, id=4884, stack(0x0000000022570000,0x0000000022670000)]
  0x000000001bf25800 JavaThread "Task worker for ':'" [_thread_blocked, id=3488, stack(0x0000000022470000,0x0000000022570000)]
  0x000000001bf20800 JavaThread "Cache worker for Build Output Cleanup Cache (F:\AndroidStudioProjects\MyApplication\.gradle\buildOutputCleanup)" [_thread_blocked, id=3256, stack(0x0000000022370000,0x0000000022470000)]
  0x000000001bf24000 JavaThread "Cache worker for task history cache (F:\AndroidStudioProjects\MyApplication\.gradle\4.4\taskHistory)" [_thread_blocked, id=4848, stack(0x0000000022270000,0x0000000022370000)]
  0x000000001bf27000 JavaThread "Cache worker for file content cache (F:\AndroidStudioProjects\MyApplication\.gradle\4.4\fileContent)" [_thread_blocked, id=5092, stack(0x0000000021b50000,0x0000000021c50000)]
  0x000000001bf86800 JavaThread "Memory manager" [_thread_blocked, id=3796, stack(0x0000000021020000,0x0000000021120000)]
  0x000000001bf80800 JavaThread "build operations Thread 4" [_thread_blocked, id=4536, stack(0x0000000020b20000,0x0000000020c20000)]
  0x000000001bf7f800 JavaThread "build operations Thread 3" [_thread_blocked, id=2656, stack(0x0000000020a20000,0x0000000020b20000)]
  0x000000001bf83800 JavaThread "build operations Thread 2" [_thread_blocked, id=4320, stack(0x0000000020920000,0x0000000020a20000)]
  0x000000001bf85800 JavaThread "build operations" [_thread_blocked, id=4952, stack(0x000000001f1e0000,0x000000001f2e0000)]
  0x000000001bf85000 JavaThread "Cache worker for Artifact transforms cache (C:\Users\User\.gradle\caches\transforms-1)" [_thread_blocked, id=4592, stack(0x000000001f0e0000,0x000000001f1e0000)]
  0x000000001aaf4000 JavaThread "Cache worker for file hash cache (F:\AndroidStudioProjects\MyApplication\.gradle\4.4\fileHashes)" [_thread_blocked, id=5016, stack(0x000000001b9e0000,0x000000001bae0000)]
  0x0000000019220000 JavaThread "File lock request listener" [_thread_in_native, id=1356, stack(0x000000001a910000,0x000000001aa10000)]
  0x0000000018ebc800 JavaThread "Cache worker for file hash cache (C:\Users\User\.gradle\caches\4.4\fileHashes)" [_thread_blocked, id=2296, stack(0x000000001a810000,0x000000001a910000)]
  0x0000000018f93000 JavaThread "Stdin handler" [_thread_blocked, id=4988, stack(0x000000001a510000,0x000000001a610000)]
  0x0000000018f91800 JavaThread "Asynchronous log dispatcher for DefaultDaemonConnection: socket connection from /127.0.0.1:49930 to /127.0.0.1:49931" [_thread_blocked, id=816, stack(0x000000001a410000,0x000000001a510000)]
  0x0000000018f97800 JavaThread "Daemon worker" [_thread_blocked, id=1076, stack(0x000000001a310000,0x000000001a410000)]
  0x0000000018f96800 JavaThread "Cancel handler" [_thread_blocked, id=4432, stack(0x000000001a210000,0x000000001a310000)]
  0x0000000018f46800 JavaThread "Handler for socket connection from /127.0.0.1:49930 to /127.0.0.1:49931" [_thread_in_native, id=1896, stack(0x0000000019f10000,0x000000001a010000)]
  0x0000000018f45800 JavaThread "Daemon" [_thread_blocked, id=3692, stack(0x0000000019e10000,0x0000000019f10000)]
  0x000000001905e000 JavaThread "Daemon periodic checks" [_thread_blocked, id=3748, stack(0x0000000019d10000,0x0000000019e10000)]
  0x0000000019044800 JavaThread "Incoming local TCP Connector on port 49930" [_thread_in_native, id=5052, stack(0x0000000019ad0000,0x0000000019bd0000)]
  0x00000000177f0800 JavaThread "Service Thread" daemon [_thread_blocked, id=3876, stack(0x0000000017bc0000,0x0000000017cc0000)]
  0x0000000015e81000 JavaThread "C1 CompilerThread2" daemon [_thread_blocked, id=4964, stack(0x00000000176c0000,0x00000000177c0000)]
=>0x0000000015e7d800 JavaThread "C2 CompilerThread1" daemon [_thread_in_native, id=2792, stack(0x00000000175c0000,0x00000000176c0000)]
  0x0000000015e8a800 JavaThread "C2 CompilerThread0" daemon [_thread_in_native, id=4228, stack(0x00000000174c0000,0x00000000175c0000)]
  0x0000000015e89000 JavaThread "Attach Listener" daemon [_thread_blocked, id=3220, stack(0x00000000173c0000,0x00000000174c0000)]
  0x0000000015e88000 JavaThread "Signal Dispatcher" daemon [_thread_blocked, id=3464, stack(0x00000000172c0000,0x00000000173c0000)]
  0x0000000002508800 JavaThread "Finalizer" daemon [_thread_blocked, id=1692, stack(0x00000000170d0000,0x00000000171d0000)]
  0x0000000002503000 JavaThread "Reference Handler" daemon [_thread_blocked, id=4132, stack(0x0000000016fd0000,0x00000000170d0000)]
  0x0000000002412800 JavaThread "main" [_thread_blocked, id=4388, stack(0x0000000002290000,0x0000000002390000)]

Other Threads:
  0x0000000015e45000 VMThread [stack: 0x0000000016ed0000,0x0000000016fd0000] [id=1152]
  0x0000000015edd000 WatcherThread [stack: 0x0000000017cc0000,0x0000000017dc0000] [id=4180]

VM state:not at safepoint (normal execution)

VM Mutex/Monitor currently owned by a thread: None

Heap:
 PSYoungGen      total 130560K, used 57571K [0x00000000e0000000, 0x00000000eab80000, 0x0000000100000000)
  eden space 116736K, 37% used [0x00000000e0000000,0x00000000e2abbc30,0x00000000e7200000)
  from space 13824K, 99% used [0x00000000e7200000,0x00000000e7f7d260,0x00000000e7f80000)
  to   space 16384K, 0% used [0x00000000e9b80000,0x00000000e9b80000,0x00000000eab80000)
 ParOldGen       total 61952K, used 27050K [0x00000000a0000000, 0x00000000a3c80000, 0x00000000e0000000)
  object space 61952K, 43% used [0x00000000a0000000,0x00000000a1a6aba0,0x00000000a3c80000)
 Metaspace       used 52261K, capacity 53866K, committed 54104K, reserved 1095680K
  class space    used 7154K, capacity 7550K, committed 7552K, reserved 1048576K

Card table byte_map: [0x00000000118d0000,0x0000000011be0000] byte_map_base: 0x00000000113d0000

Marking Bits: (ParMarkBitMap*) 0x000000005a414970
 Begin Bits: [0x00000000121e0000, 0x00000000139e0000)
 End Bits:   [0x00000000139e0000, 0x00000000151e0000)

Polling page: 0x00000000021b0000

CodeCache: size=245760Kb used=18328Kb max_used=18436Kb free=227431Kb
 bounds [0x0000000002510000, 0x0000000003720000, 0x0000000011510000]
 total_blobs=6144 nmethods=5386 adapters=671
 compilation: enabled

Compilation events (10 events):
Event: 11.086 Thread 0x0000000015e81000 5805       3       java.util.ArrayList::<init> (67 bytes)
Event: 11.087 Thread 0x0000000015e81000 nmethod 5805 0x00000000026d5bd0 code [0x00000000026d5d80, 0x00000000026d62b8]
Event: 11.105 Thread 0x0000000015e81000 5806       1       org.gradle.internal.event.DefaultListenerManager::access$000 (5 bytes)
Event: 11.105 Thread 0x0000000015e81000 nmethod 5806 0x0000000002659410 code [0x0000000002659560, 0x0000000002659650]
Event: 11.112 Thread 0x0000000015e81000 5807       3       java.util.concurrent.ThreadPoolExecutor::workerCountOf (5 bytes)
Event: 11.112 Thread 0x0000000015e81000 nmethod 5807 0x000000000266e550 code [0x000000000266e6a0, 0x000000000266e7d0]
Event: 11.115 Thread 0x0000000015e81000 5809       3       org.gradle.util.GUtil::addToCollection (107 bytes)
Event: 11.117 Thread 0x0000000015e81000 nmethod 5809 0x000000000282ea10 code [0x000000000282ec80, 0x000000000282fbc8]
Event: 11.117 Thread 0x0000000015e81000 5808       3       org.gradle.util.GUtil::addToCollection (7 bytes)
Event: 11.117 Thread 0x0000000015e81000 nmethod 5808 0x00000000029f2ed0 code [0x00000000029f3040, 0x00000000029f31a8]

GC Heap History (10 events):
Event: 3.934 GC heap before
{Heap before GC invocations=9 (full 1):
 PSYoungGen      total 69632K, used 61952K [0x00000000e0000000, 0x00000000e8900000, 0x0000000100000000)
  eden space 61952K, 100% used [0x00000000e0000000,0x00000000e3c80000,0x00000000e3c80000)
  from space 7680K, 0% used [0x00000000e3c80000,0x00000000e3c80000,0x00000000e4400000)
  to   space 8192K, 0% used [0x00000000e8100000,0x00000000e8100000,0x00000000e8900000)
 ParOldGen       total 35840K, used 8503K [0x00000000a0000000, 0x00000000a2300000, 0x00000000e0000000)
  object space 35840K, 23% used [0x00000000a0000000,0x00000000a084dda0,0x00000000a2300000)
 Metaspace       used 26405K, capacity 26894K, committed 27136K, reserved 1073152K
  class space    used 3642K, capacity 3799K, committed 3840K, reserved 1048576K
Event: 3.941 GC heap after
Heap after GC invocations=9 (full 1):
 PSYoungGen      total 97792K, used 6919K [0x00000000e0000000, 0x00000000e8800000, 0x0000000100000000)
  eden space 90624K, 0% used [0x00000000e0000000,0x00000000e0000000,0x00000000e5880000)
  from space 7168K, 96% used [0x00000000e8100000,0x00000000e87c1dd0,0x00000000e8800000)
  to   space 8704K, 0% used [0x00000000e7700000,0x00000000e7700000,0x00000000e7f80000)
 ParOldGen       total 35840K, used 8511K [0x00000000a0000000, 0x00000000a2300000, 0x00000000e0000000)
  object space 35840K, 23% used [0x00000000a0000000,0x00000000a084fda0,0x00000000a2300000)
 Metaspace       used 26405K, capacity 26894K, committed 27136K, reserved 1073152K
  class space    used 3642K, capacity 3799K, committed 3840K, reserved 1048576K
}
Event: 5.827 GC heap before
{Heap before GC invocations=10 (full 1):
 PSYoungGen      total 97792K, used 97543K [0x00000000e0000000, 0x00000000e8800000, 0x0000000100000000)
  eden space 90624K, 100% used [0x00000000e0000000,0x00000000e5880000,0x00000000e5880000)
  from space 7168K, 96% used [0x00000000e8100000,0x00000000e87c1dd0,0x00000000e8800000)
  to   space 8704K, 0% used [0x00000000e7700000,0x00000000e7700000,0x00000000e7f80000)
 ParOldGen       total 35840K, used 8511K [0x00000000a0000000, 0x00000000a2300000, 0x00000000e0000000)
  object space 35840K, 23% used [0x00000000a0000000,0x00000000a084fda0,0x00000000a2300000)
 Metaspace       used 34612K, capacity 35186K, committed 35416K, reserved 1079296K
  class space    used 4779K, capacity 4971K, committed 4992K, reserved 1048576K
Event: 5.841 GC heap after
Heap after GC invocations=10 (full 1):
 PSYoungGen      total 122880K, used 8680K [0x00000000e0000000, 0x00000000e8680000, 0x0000000100000000)
  eden space 114176K, 0% used [0x00000000e0000000,0x00000000e0000000,0x00000000e6f80000)
  from space 8704K, 99% used [0x00000000e7700000,0x00000000e7f7a190,0x00000000e7f80000)
  to   space 7168K, 0% used [0x00000000e7f80000,0x00000000e7f80000,0x00000000e8680000)
 ParOldGen       total 35840K, used 12676K [0x00000000a0000000, 0x00000000a2300000, 0x00000000e0000000)
  object space 35840K, 35% used [0x00000000a0000000,0x00000000a0c61028,0x00000000a2300000)
 Metaspace       used 34612K, capacity 35186K, committed 35416K, reserved 1079296K
  class space    used 4779K, capacity 4971K, committed 4992K, reserved 1048576K
}
Event: 5.841 GC heap before
{Heap before GC invocations=11 (full 2):
 PSYoungGen      total 122880K, used 8680K [0x00000000e0000000, 0x00000000e8680000, 0x0000000100000000)
  eden space 114176K, 0% used [0x00000000e0000000,0x00000000e0000000,0x00000000e6f80000)
  from space 8704K, 99% used [0x00000000e7700000,0x00000000e7f7a190,0x00000000e7f80000)
  to   space 7168K, 0% used [0x00000000e7f80000,0x00000000e7f80000,0x00000000e8680000)
 ParOldGen       total 35840K, used 12676K [0x00000000a0000000, 0x00000000a2300000, 0x00000000e0000000)
  object space 35840K, 35% used [0x00000000a0000000,0x00000000a0c61028,0x00000000a2300000)
 Metaspace       used 34612K, capacity 35186K, committed 35416K, reserved 1079296K
  class space    used 4779K, capacity 4971K, committed 4992K, reserved 1048576K
Event: 5.905 GC heap after
Heap after GC invocations=11 (full 2):
 PSYoungGen      total 122880K, used 0K [0x00000000e0000000, 0x00000000e8680000, 0x0000000100000000)
  eden space 114176K, 0% used [0x00000000e0000000,0x00000000e0000000,0x00000000e6f80000)
  from space 8704K, 0% used [0x00000000e7700000,0x00000000e7700000,0x00000000e7f80000)
  to   space 7168K, 0% used [0x00000000e7f80000,0x00000000e7f80000,0x00000000e8680000)
 ParOldGen       total 61952K, used 19258K [0x00000000a0000000, 0x00000000a3c80000, 0x00000000e0000000)
  object space 61952K, 31% used [0x00000000a0000000,0x00000000a12ce968,0x00000000a3c80000)
 Metaspace       used 34612K, capacity 35186K, committed 35416K, reserved 1079296K
  class space    used 4779K, capacity 4971K, committed 4992K, reserved 1048576K
}
Event: 7.971 GC heap before
{Heap before GC invocations=12 (full 2):
 PSYoungGen      total 122880K, used 114176K [0x00000000e0000000, 0x00000000e8680000, 0x0000000100000000)
  eden space 114176K, 100% used [0x00000000e0000000,0x00000000e6f80000,0x00000000e6f80000)
  from space 8704K, 0% used [0x00000000e7700000,0x00000000e7700000,0x00000000e7f80000)
  to   space 7168K, 0% used [0x00000000e7f80000,0x00000000e7f80000,0x00000000e8680000)
 ParOldGen       total 61952K, used 19258K [0x00000000a0000000, 0x00000000a3c80000, 0x00000000e0000000)
  object space 61952K, 31% used [0x00000000a0000000,0x00000000a12ce968,0x00000000a3c80000)
 Metaspace       used 41958K, capacity 42840K, committed 42968K, reserved 1085440K
  class space    used 5747K, capacity 6033K, committed 6144K, reserved 1048576K
Event: 7.985 GC heap after
Heap after GC invocations=12 (full 2):
 PSYoungGen      total 123904K, used 7164K [0x00000000e0000000, 0x00000000ea400000, 0x0000000100000000)
  eden space 116736K, 0% used [0x00000000e0000000,0x00000000e0000000,0x00000000e7200000)
  from space 7168K, 99% used [0x00000000e7f80000,0x00000000e867f300,0x00000000e8680000)
  to   space 13824K, 0% used [0x00000000e7200000,0x00000000e7200000,0x00000000e7f80000)
 ParOldGen       total 61952K, used 24782K [0x00000000a0000000, 0x00000000a3c80000, 0x00000000e0000000)
  object space 61952K, 40% used [0x00000000a0000000,0x00000000a1833a20,0x00000000a3c80000)
 Metaspace       used 41958K, capacity 42840K, committed 42968K, reserved 1085440K
  class space    used 5747K, capacity 6033K, committed 6144K, reserved 1048576K
}
Event: 10.299 GC heap before
{Heap before GC invocations=13 (full 2):
 PSYoungGen      total 123904K, used 123900K [0x00000000e0000000, 0x00000000ea400000, 0x0000000100000000)
  eden space 116736K, 100% used [0x00000000e0000000,0x00000000e7200000,0x00000000e7200000)
  from space 7168K, 99% used [0x00000000e7f80000,0x00000000e867f300,0x00000000e8680000)
  to   space 13824K, 0% used [0x00000000e7200000,0x00000000e7200000,0x00000000e7f80000)
 ParOldGen       total 61952K, used 24782K [0x00000000a0000000, 0x00000000a3c80000, 0x00000000e0000000)
  object space 61952K, 40% used [0x00000000a0000000,0x00000000a1833a20,0x00000000a3c80000)
 Metaspace       used 49751K, capacity 51098K, committed 51160K, reserved 1093632K
  class space    used 6754K, capacity 7122K, committed 7168K, reserved 1048576K
Event: 10.325 GC heap after
Heap after GC invocations=13 (full 2):
 PSYoungGen      total 130560K, used 13812K [0x00000000e0000000, 0x00000000eab80000, 0x0000000100000000)
  eden space 116736K, 0% used [0x00000000e0000000,0x00000000e0000000,0x00000000e7200000)
  from space 13824K, 99% used [0x00000000e7200000,0x00000000e7f7d260,0x00000000e7f80000)
  to   space 16384K, 0% used [0x00000000e9b80000,0x00000000e9b80000,0x00000000eab80000)
 ParOldGen       total 61952K, used 27050K [0x00000000a0000000, 0x00000000a3c80000, 0x00000000e0000000)
  object space 61952K, 43% used [0x00000000a0000000,0x00000000a1a6aba0,0x00000000a3c80000)
 Metaspace       used 49751K, capacity 51098K, committed 51160K, reserved 1093632K
  class space    used 6754K, capacity 7122K, committed 7168K, reserved 1048576K
}

Deoptimization events (10 events):
Event: 10.955 Thread 0x0000000018f97800 Uncommon trap: reason=class_check action=maybe_recompile pc=0x00000000036b6130 method=com.google.common.collect.AbstractMapBasedMultimap.put(Ljava/lang/Object;Ljava/lang/Object;)Z @ 10
Event: 10.955 Thread 0x0000000018f97800 Uncommon trap: reason=class_check action=maybe_recompile pc=0x00000000036b6130 method=com.google.common.collect.AbstractMapBasedMultimap.put(Ljava/lang/Object;Ljava/lang/Object;)Z @ 10
Event: 10.955 Thread 0x0000000018f97800 Uncommon trap: reason=class_check action=maybe_recompile pc=0x00000000036b6130 method=com.google.common.collect.AbstractMapBasedMultimap.put(Ljava/lang/Object;Ljava/lang/Object;)Z @ 10
Event: 10.959 Thread 0x0000000018f97800 Uncommon trap: reason=class_check action=maybe_recompile pc=0x0000000002fd4d38 method=com.google.common.collect.AbstractMapBasedMultimap$WrappedCollection.refreshIfEmpty()V @ 59
Event: 10.959 Thread 0x0000000018f97800 Uncommon trap: reason=class_check action=maybe_recompile pc=0x0000000002fd4d38 method=com.google.common.collect.AbstractMapBasedMultimap$WrappedCollection.refreshIfEmpty()V @ 59
Event: 10.959 Thread 0x0000000018f97800 Uncommon trap: reason=class_check action=maybe_recompile pc=0x0000000002fd4d38 method=com.google.common.collect.AbstractMapBasedMultimap$WrappedCollection.refreshIfEmpty()V @ 59
Event: 10.959 Thread 0x0000000018f97800 Uncommon trap: reason=class_check action=maybe_recompile pc=0x0000000002fd4d38 method=com.google.common.collect.AbstractMapBasedMultimap$WrappedCollection.refreshIfEmpty()V @ 59
Event: 11.044 Thread 0x0000000018f97800 Uncommon trap: reason=unstable_if action=reinterpret pc=0x000000000315450c method=org.objectweb.asm.MethodWriter.visitVarInsn(II)V @ 122
Event: 11.044 Thread 0x0000000018f97800 Uncommon trap: reason=unstable_if action=reinterpret pc=0x00000000036106d4 method=org.objectweb.asm.Frame.initInputFrame(Lorg/objectweb/asm/ClassWriter;I[Lorg/objectweb/asm/Type;I)V @ 107
Event: 11.044 Thread 0x0000000018f97800 Uncommon trap: reason=unstable_if action=reinterpret pc=0x00000000035dec04 method=org.objectweb.asm.MethodWriter.visitFrame(Lorg/objectweb/asm/Frame;)V @ 62

Classes redefined (0 events):
No events

Internal exceptions (10 events):
Event: 10.913 Thread 0x0000000018f97800 Exception <a 'java/lang/ClassNotFoundException': org/gradle/model/internal/core/NodeBackedModelMapBeanInfo> (0x00000000e1d9eba8) thrown at [D:\src\AOSP-openjdk-cygwin\jdk8u\hotspot\src\share\vm\classfile\systemDictionary.cpp, line 210]
Event: 10.914 Thread 0x0000000018f97800 Exception <a 'java/lang/ClassNotFoundException': org/gradle/model/internal/core/ModelMapGroovyViewBeanInfo> (0x00000000e1db2cf8) thrown at [D:\src\AOSP-openjdk-cygwin\jdk8u\hotspot\src\share\vm\classfile\systemDictionary.cpp, line 210]
Event: 10.914 Thread 0x0000000018f97800 Exception <a 'java/lang/ClassNotFoundException': org/gradle/model/internal/core/ModelMapGroovyViewCustomizer> (0x00000000e1dc7b10) thrown at [D:\src\AOSP-openjdk-cygwin\jdk8u\hotspot\src\share\vm\classfile\systemDictionary.cpp, line 210]
Event: 10.915 Thread 0x0000000018f97800 Exception <a 'java/lang/ClassNotFoundException': org/gradle/model/internal/core/NodeBackedModelMapCustomizer> (0x00000000e1defd70) thrown at [D:\src\AOSP-openjdk-cygwin\jdk8u\hotspot\src\share\vm\classfile\systemDictionary.cpp, line 210]
Event: 10.918 Thread 0x0000000018f97800 Exception <a 'java/lang/ClassNotFoundException': org/gradle/platform/base/BinaryContainer_ImplCustomizer> (0x00000000e1e52fc0) thrown at [D:\src\AOSP-openjdk-cygwin\jdk8u\hotspot\src\share\vm\classfile\systemDictionary.cpp, line 210]
Event: 11.122 Thread 0x000000001bf26800 Exception <a 'java/lang/NoSuchMethodError': <clinit>> (0x00000000e29c5d68) thrown at [D:\src\AOSP-openjdk-cygwin\jdk8u\hotspot\src\share\vm\prims\jni.cpp, line 1613]
Event: 11.123 Thread 0x000000001bf26800 Exception <a 'java/lang/NoSuchMethodError': <clinit>> (0x00000000e29d0fe8) thrown at [D:\src\AOSP-openjdk-cygwin\jdk8u\hotspot\src\share\vm\prims\jni.cpp, line 1613]
Event: 11.143 Thread 0x000000001bf26800 Exception <a 'java/lang/NoSuchMethodError': <clinit>> (0x00000000e2a505a0) thrown at [D:\src\AOSP-openjdk-cygwin\jdk8u\hotspot\src\share\vm\prims\jni.cpp, line 1613]
Event: 11.144 Thread 0x000000001bf26800 Exception <a 'java/lang/NoSuchMethodError': <clinit>> (0x00000000e2a633a8) thrown at [D:\src\AOSP-openjdk-cygwin\jdk8u\hotspot\src\share\vm\prims\jni.cpp, line 1613]
Event: 11.144 Thread 0x000000001bf26800 Exception <a 'java/lang/NoSuchMethodError': <clinit>> (0x00000000e2a64c58) thrown at [D:\src\AOSP-openjdk-cygwin\jdk8u\hotspot\src\share\vm\prims\jni.cpp, line 1613]

Events (10 events):
Event: 11.141 Executing VM operation: RevokeBias
Event: 11.141 Executing VM operation: RevokeBias done
Event: 11.141 loading class org/gradle/api/tasks/TaskState
Event: 11.141 loading class org/gradle/api/tasks/TaskState done
Event: 11.141 Executing VM operation: RevokeBias
Event: 11.141 Executing VM operation: RevokeBias done
Event: 11.141 loading class org/gradle/tooling/internal/provider/events/DefaultTaskFinishedProgressEvent
Event: 11.141 loading class org/gradle/tooling/internal/provider/events/DefaultTaskFinishedProgressEvent done
Event: 11.144 loading class org/gradle/execution/taskgraph/DefaultTaskExecutionPlan$11
Event: 11.144 loading class org/gradle/execution/taskgraph/DefaultTaskExecutionPlan$11 done


Dynamic libraries:
0x00007ff784ed0000 - 0x00007ff784f01000 	F:\Programs\Android Studio\jre\bin\java.exe
0x00007ffe631d0000 - 0x00007ffe633a1000 	C:\Windows\SYSTEM32\ntdll.dll
0x00007ffe61030000 - 0x00007ffe610db000 	C:\Windows\System32\KERNEL32.DLL
0x00007ffe60540000 - 0x00007ffe6075d000 	C:\Windows\System32\KERNELBASE.dll
0x00007ffe61280000 - 0x00007ffe61322000 	C:\Windows\System32\ADVAPI32.dll
0x00007ffe62da0000 - 0x00007ffe62e3e000 	C:\Windows\System32\msvcrt.dll
0x00007ffe60b90000 - 0x00007ffe60be9000 	C:\Windows\System32\sechost.dll
0x00007ffe610f0000 - 0x00007ffe61211000 	C:\Windows\System32\RPCRT4.dll
0x00007ffe62b40000 - 0x00007ffe62ca5000 	C:\Windows\System32\USER32.dll
0x00007ffe60520000 - 0x00007ffe6053e000 	C:\Windows\System32\win32u.dll
0x00007ffe63110000 - 0x00007ffe63144000 	C:\Windows\System32\GDI32.dll
0x00007ffe60120000 - 0x00007ffe602a2000 	C:\Windows\System32\gdi32full.dll
0x00007ffe541b0000 - 0x00007ffe5442a000 	C:\Windows\WinSxS\amd64_microsoft.windows.common-controls_6595b64144ccf1df_6.0.14393.726_none_42181c01c683592f\COMCTL32.dll
0x00007ffe62e40000 - 0x00007ffe63108000 	C:\Windows\System32\combase.dll
0x00007ffe602b0000 - 0x00007ffe603a5000 	C:\Windows\System32\ucrtbase.dll
0x00007ffe60410000 - 0x00007ffe6047a000 	C:\Windows\System32\bcryptPrimitives.dll
0x00007ffe62d70000 - 0x00007ffe62d9e000 	C:\Windows\System32\IMM32.DLL
0x0000000059b70000 - 0x0000000059c42000 	F:\Programs\Android Studio\jre\jre\bin\msvcr100.dll
0x0000000059c50000 - 0x000000005a48f000 	F:\Programs\Android Studio\jre\jre\bin\server\jvm.dll
0x00007ffe61020000 - 0x00007ffe61028000 	C:\Windows\System32\PSAPI.DLL
0x00007ffe5dae0000 - 0x00007ffe5db03000 	C:\Windows\SYSTEM32\WINMM.dll
0x00007ffe54fe0000 - 0x00007ffe54fe9000 	C:\Windows\SYSTEM32\WSOCK32.dll
0x00007ffe58450000 - 0x00007ffe5845a000 	C:\Windows\SYSTEM32\VERSION.dll
0x00007ffe60fb0000 - 0x00007ffe6101a000 	C:\Windows\System32\WS2_32.dll
0x00007ffe5da50000 - 0x00007ffe5da7b000 	C:\Windows\SYSTEM32\WINMMBASE.dll
0x00007ffe60020000 - 0x00007ffe60062000 	C:\Windows\System32\cfgmgr32.dll
0x00007ffe43b80000 - 0x00007ffe43b8f000 	F:\Programs\Android Studio\jre\jre\bin\verify.dll
0x00007ffe43b50000 - 0x00007ffe43b79000 	F:\Programs\Android Studio\jre\jre\bin\java.dll
0x00007ffe43b30000 - 0x00007ffe43b46000 	F:\Programs\Android Studio\jre\jre\bin\zip.dll
0x00007ffe61630000 - 0x00007ffe62b39000 	C:\Windows\System32\SHELL32.dll
0x00007ffe5f6c0000 - 0x00007ffe5fd9a000 	C:\Windows\System32\windows.storage.dll
0x00007ffe5f650000 - 0x00007ffe5f69c000 	C:\Windows\System32\powrprof.dll
0x00007ffe615d0000 - 0x00007ffe61622000 	C:\Windows\System32\shlwapi.dll
0x00007ffe5f6b0000 - 0x00007ffe5f6bf000 	C:\Windows\System32\kernel.appcore.dll
0x00007ffe60070000 - 0x00007ffe60119000 	C:\Windows\System32\shcore.dll
0x00007ffe5f630000 - 0x00007ffe5f644000 	C:\Windows\System32\profapi.dll
0x00007ffe43b10000 - 0x00007ffe43b2a000 	F:\Programs\Android Studio\jre\jre\bin\net.dll
0x00007ffe5ef00000 - 0x00007ffe5ef5c000 	C:\Windows\system32\mswsock.dll
0x00007ffe43af0000 - 0x00007ffe43b01000 	F:\Programs\Android Studio\jre\jre\bin\nio.dll
0x00007ffe4f870000 - 0x00007ffe4f88e000 	C:\Users\User\.gradle\native\25\windows-amd64\native-platform.dll
0x00007ffe437e0000 - 0x00007ffe437ed000 	F:\Programs\Android Studio\jre\jre\bin\management.dll
0x00007ffe5f0a0000 - 0x00007ffe5f0b7000 	C:\Windows\SYSTEM32\CRYPTSP.dll
0x00007ffe5eb10000 - 0x00007ffe5eb43000 	C:\Windows\system32\rsaenh.dll
0x00007ffe5f4d0000 - 0x00007ffe5f4fb000 	C:\Windows\SYSTEM32\bcrypt.dll
0x00007ffe5ed80000 - 0x00007ffe5ed9f000 	C:\Windows\SYSTEM32\USERENV.dll
0x00007ffe5f0c0000 - 0x00007ffe5f0cb000 	C:\Windows\SYSTEM32\CRYPTBASE.dll
0x00007ffe5ec90000 - 0x00007ffe5ecc8000 	C:\Windows\SYSTEM32\IPHLPAPI.DLL
0x00007ffe631c0000 - 0x00007ffe631c8000 	C:\Windows\System32\NSI.dll
0x00007ffe5c5d0000 - 0x00007ffe5c5e6000 	C:\Windows\SYSTEM32\dhcpcsvc6.DLL
0x00007ffe5c520000 - 0x00007ffe5c53a000 	C:\Windows\SYSTEM32\dhcpcsvc.DLL

VM Arguments:
jvm_args: -Xmx1536m -Dfile.encoding=windows-1251 -Duser.country=RU -Duser.language=ru -Duser.variant 
java_command: org.gradle.launcher.daemon.bootstrap.GradleDaemon 4.4
java_class_path (initial): C:\Users\User\.gradle\wrapper\dists\gradle-4.4-all\9br9xq1tocpiv8o6njlyu5op1\gradle-4.4\lib\gradle-launcher-4.4.jar
Launcher Type: SUN_STANDARD

Environment Variables:
PATH=C:\Program Files\Microsoft MPI\Bin\;C:\Program Files (x86)\Common Files\Oracle\Java\javapath;C:\Windows\system32;C:\Windows;C:\Windows\System32\Wbem;F:\Programs\Putty\;C:\Program Files\dotnet\;C:\Program Files (x86)\Common Files\Acronis\SnapAPI\;C:\Program Files\Microsoft SQL Server\130\Tools\Binn\;C:\Users\User\AppData\Local\Microsoft\WindowsApps;F:\Programs\AppServ\Apache24\bin;F:\Programs\AppServ\php5;F:\Programs\AppServ\MySQL\bin
USERNAME=User
OS=Windows_NT
PROCESSOR_IDENTIFIER=Intel64 Family 6 Model 42 Stepping 7, GenuineIntel



---------------  S Y S T E M  ---------------

OS: Windows 10.0 , 64 bit Build 14393 (10.0.14393.0)

CPU:total 4 (initial active 4) (2 cores per cpu, 2 threads per core) family 6 model 42 stepping 7, cmov, cx8, fxsr, mmx, sse, sse2, sse3, ssse3, sse4.1, sse4.2, popcnt, avx, aes, clmul, ht, tsc, tscinvbit

Memory: 4k page, physical 4042604k(302264k free), swap 4042604k(5660k free)

vm_info: OpenJDK 64-Bit Server VM (25.152-b02) for windows-amd64 JRE (1.8.0_152-release-1024-b02), built by "builder" with MS VC++ 10.0 (VS2010)

time: Sat Aug 04 20:21:28 2018
elapsed time: 11 seconds (0d 0h 0m 11s)

