#
# There is insufficient memory for the Java Runtime Environment to continue.
# Native memory allocation (malloc) failed to allocate 500816 bytes for Chunk::new
# Possible reasons:
#   The system is out of physical RAM or swap space
#   In 32 bit mode, the process size limit was hit
# Possible solutions:
#   Reduce memory load on the system
#   Increase physical memory or swap space
#   Check if swap backing store is full
#   Use 64 bit Java on a 64 bit OS
#   Decrease Java heap size (-Xmx/-Xms)
#   Decrease number of Java threads
#   Decrease Java thread stack sizes (-Xss)
#   Set larger code cache with -XX:ReservedCodeCacheSize=
# This output file may be truncated or incomplete.
#
#  Out of Memory Error (allocation.cpp:390), pid=4424, tid=0x0000000000001310
#
# JRE version: OpenJDK Runtime Environment (8.0_152-b02) (build 1.8.0_152-release-1024-b02)
# Java VM: OpenJDK 64-Bit Server VM (25.152-b02 mixed mode windows-amd64 compressed oops)
# Failed to write core dump. Minidumps are not enabled by default on client versions of Windows
#

---------------  T H R E A D  ---------------

Current thread (0x0000000015f3b000):  JavaThread "C2 CompilerThread0" daemon [_thread_in_native, id=4880, stack(0x0000000017590000,0x0000000017690000)]

Stack: [0x0000000017590000,0x0000000017690000]
[error occurred during error reporting (printing stack bounds), id 0xc0000005]

Native frames: (J=compiled Java code, j=interpreted, Vv=VM code, C=native code)


Current CompileTask:
C2:  23585 8900   !   4       java.lang.Class::getEnumConstantsShared (73 bytes)


---------------  P R O C E S S  ---------------

Java Threads: ( => current thread )
  0x0000000019127800 JavaThread "Cache worker for Java compile cache (F:\AndroidStudioProjects\MyApplication\.gradle\4.4\javaCompile)" [_thread_blocked, id=3488, stack(0x0000000022dd0000,0x0000000022ed0000)]
  0x0000000019120000 JavaThread "Task worker for ':' Thread 3" [_thread_blocked, id=5036, stack(0x0000000022cd0000,0x0000000022dd0000)]
  0x0000000019127000 JavaThread "Task worker for ':' Thread 2" [_thread_blocked, id=516, stack(0x0000000022bd0000,0x0000000022cd0000)]
  0x0000000019122800 JavaThread "Task worker for ':'" [_thread_in_Java, id=3940, stack(0x0000000022ad0000,0x0000000022bd0000)]
  0x0000000019121800 JavaThread "Cache worker for Build Output Cleanup Cache (F:\AndroidStudioProjects\MyApplication\.gradle\buildOutputCleanup)" [_thread_blocked, id=4572, stack(0x00000000229d0000,0x0000000022ad0000)]
  0x0000000019126000 JavaThread "Cache worker for task history cache (F:\AndroidStudioProjects\MyApplication\.gradle\4.4\taskHistory)" [_thread_blocked, id=1220, stack(0x00000000228d0000,0x00000000229d0000)]
  0x0000000019125800 JavaThread "Cache worker for file content cache (F:\AndroidStudioProjects\MyApplication\.gradle\4.4\fileContent)" [_thread_blocked, id=3796, stack(0x00000000223b0000,0x00000000224b0000)]
  0x000000001b0a0000 JavaThread "Memory manager" [_thread_blocked, id=4484, stack(0x0000000021380000,0x0000000021480000)]
  0x000000001b09f800 JavaThread "build operations Thread 4" [_thread_blocked, id=3292, stack(0x0000000020c80000,0x0000000020d80000)]
  0x000000001b09d000 JavaThread "build operations Thread 3" [_thread_blocked, id=2656, stack(0x0000000020b80000,0x0000000020c80000)]
  0x000000001b0a1800 JavaThread "build operations Thread 2" [_thread_blocked, id=3680, stack(0x0000000020a80000,0x0000000020b80000)]
  0x000000001b0a1000 JavaThread "build operations" [_thread_blocked, id=3256, stack(0x000000001e700000,0x000000001e800000)]
  0x000000001b09b000 JavaThread "Cache worker for Artifact transforms cache (C:\Users\User\.gradle\caches\transforms-1)" [_thread_blocked, id=2296, stack(0x000000001e150000,0x000000001e250000)]
  0x000000001912f800 JavaThread "Cache worker for file hash cache (F:\AndroidStudioProjects\MyApplication\.gradle\4.4\fileHashes)" [_thread_blocked, id=4444, stack(0x000000001ca80000,0x000000001cb80000)]
  0x0000000018955800 JavaThread "File lock request listener" [_thread_in_native, id=4916, stack(0x000000001b9b0000,0x000000001bab0000)]
  0x00000000191ae000 JavaThread "Cache worker for file hash cache (C:\Users\User\.gradle\caches\4.4\fileHashes)" [_thread_blocked, id=3944, stack(0x000000001b8b0000,0x000000001b9b0000)]
  0x0000000019011800 JavaThread "Stdin handler" [_thread_blocked, id=2768, stack(0x000000001a5e0000,0x000000001a6e0000)]
  0x000000001894c000 JavaThread "Asynchronous log dispatcher for DefaultDaemonConnection: socket connection from /127.0.0.1:49835 to /127.0.0.1:49836" [_thread_blocked, id=816, stack(0x000000001a4e0000,0x000000001a5e0000)]
  0x0000000018948800 JavaThread "Daemon worker" [_thread_blocked, id=4788, stack(0x000000001a3e0000,0x000000001a4e0000)]
  0x0000000018957800 JavaThread "Cancel handler" [_thread_blocked, id=4844, stack(0x000000001a2e0000,0x000000001a3e0000)]
  0x0000000019004800 JavaThread "Handler for socket connection from /127.0.0.1:49835 to /127.0.0.1:49836" [_thread_in_native, id=4988, stack(0x0000000019fe0000,0x000000001a0e0000)]
  0x0000000019084800 JavaThread "Daemon" [_thread_blocked, id=4924, stack(0x0000000019ee0000,0x0000000019fe0000)]
  0x000000001907f800 JavaThread "Daemon periodic checks" [_thread_blocked, id=4920, stack(0x0000000019de0000,0x0000000019ee0000)]
  0x0000000019061800 JavaThread "Incoming local TCP Connector on port 49835" [_thread_in_native, id=4884, stack(0x0000000019ba0000,0x0000000019ca0000)]
  0x00000000178b8800 JavaThread "Service Thread" daemon [_thread_blocked, id=5056, stack(0x0000000017c90000,0x0000000017d90000)]
  0x0000000015f43000 JavaThread "C1 CompilerThread2" daemon [_thread_blocked, id=4856, stack(0x0000000017790000,0x0000000017890000)]
  0x0000000015f3e800 JavaThread "C2 CompilerThread1" daemon [_thread_in_native, id=4848, stack(0x0000000017690000,0x0000000017790000)]
=>0x0000000015f3b000 JavaThread "C2 CompilerThread0" daemon [_thread_in_native, id=4880, stack(0x0000000017590000,0x0000000017690000)]
  0x0000000015f39800 JavaThread "Attach Listener" daemon [_thread_blocked, id=4840, stack(0x0000000017490000,0x0000000017590000)]
  0x0000000015f39000 JavaThread "Signal Dispatcher" daemon [_thread_blocked, id=4968, stack(0x0000000017390000,0x0000000017490000)]
  0x0000000015f27000 JavaThread "Finalizer" daemon [_thread_blocked, id=4852, stack(0x00000000171a0000,0x00000000172a0000)]
  0x00000000025c1000 JavaThread "Reference Handler" daemon [_thread_blocked, id=5024, stack(0x00000000170a0000,0x00000000171a0000)]
  0x00000000024d2800 JavaThread "main" [_thread_blocked, id=2680, stack(0x0000000002380000,0x0000000002480000)]

Other Threads:
  0x0000000015f05000 VMThread [stack: 0x0000000016fa0000,0x00000000170a0000] [id=3080]
  0x0000000015f9d000 WatcherThread [stack: 0x0000000017d90000,0x0000000017e90000] [id=4836]

VM state:not at safepoint (normal execution)

VM Mutex/Monitor currently owned by a thread: None

Heap:
 PSYoungGen      total 196608K, used 96945K [0x00000000e0000000, 0x00000000eea00000, 0x0000000100000000)
  eden space 176640K, 54% used [0x00000000e0000000,0x00000000e5eac518,0x00000000eac80000)
  from space 19968K, 0% used [0x00000000ec500000,0x00000000ec500000,0x00000000ed880000)
  to   space 25088K, 0% used [0x00000000eac80000,0x00000000eac80000,0x00000000ec500000)
 ParOldGen       total 60416K, used 50358K [0x00000000a0000000, 0x00000000a3b00000, 0x00000000e0000000)
  object space 60416K, 83% used [0x00000000a0000000,0x00000000a312db48,0x00000000a3b00000)
 Metaspace       used 59369K, capacity 61014K, committed 61184K, reserved 1101824K
  class space    used 7930K, capacity 8344K, committed 8448K, reserved 1048576K

Card table byte_map: [0x0000000011990000,0x0000000011ca0000] byte_map_base: 0x0000000011490000

Marking Bits: (ParMarkBitMap*) 0x000000005a414970
 Begin Bits: [0x00000000122a0000, 0x0000000013aa0000)
 End Bits:   [0x0000000013aa0000, 0x00000000152a0000)

Polling page: 0x00000000003f0000

CodeCache: size=245760Kb used=27165Kb max_used=27165Kb free=218594Kb
 bounds [0x00000000025d0000, 0x0000000004080000, 0x00000000115d0000]
 total_blobs=8701 nmethods=7918 adapters=695
 compilation: enabled

Compilation events (10 events):
Event: 23.568 Thread 0x0000000015f43000 9011       3       com.sun.tools.javac.comp.MemberEnter::signature (325 bytes)
Event: 23.571 Thread 0x0000000015f43000 nmethod 9011 0x000000000406b1d0 code [0x000000000406b5a0, 0x000000000406d7e8]
Event: 23.571 Thread 0x0000000015f43000 9013       3       com.sun.tools.javac.code.Scope$CompoundScope::addSubScope (70 bytes)
Event: 23.572 Thread 0x0000000015f43000 nmethod 9013 0x000000000406f2d0 code [0x000000000406f500, 0x0000000004070368]
Event: 23.572 Thread 0x0000000015f43000 9012       3       com.sun.tools.javac.code.Scope::dup (9 bytes)
Event: 23.572 Thread 0x0000000015f43000 nmethod 9012 0x0000000004070a50 code [0x0000000004070bc0, 0x0000000004070dc8]
Event: 23.574 Thread 0x0000000015f43000 9014       3       com.sun.tools.javac.comp.Attr::visitLiteral (31 bytes)
Event: 23.575 Thread 0x0000000015f43000 nmethod 9014 0x0000000004070e50 code [0x0000000004070fe0, 0x0000000004071438]
Event: 23.575 Thread 0x0000000015f43000 9015       3       com.sun.tools.javac.comp.Attr::litType (30 bytes)
Event: 23.575 Thread 0x0000000015f43000 nmethod 9015 0x00000000040716d0 code [0x0000000004071840, 0x0000000004071ad0]

GC Heap History (10 events):
Event: 11.847 GC heap before
{Heap before GC invocations=13 (full 2):
 PSYoungGen      total 131584K, used 131579K [0x00000000e0000000, 0x00000000eaf80000, 0x0000000100000000)
  eden space 119808K, 100% used [0x00000000e0000000,0x00000000e7500000,0x00000000e7500000)
  from space 11776K, 99% used [0x00000000e8280000,0x00000000e8dfef98,0x00000000e8e00000)
  to   space 13824K, 0% used [0x00000000e7500000,0x00000000e7500000,0x00000000e8280000)
 ParOldGen       total 60416K, used 21038K [0x00000000a0000000, 0x00000000a3b00000, 0x00000000e0000000)
  object space 60416K, 34% used [0x00000000a0000000,0x00000000a148baf8,0x00000000a3b00000)
 Metaspace       used 50050K, capacity 51430K, committed 51456K, reserved 1093632K
  class space    used 6817K, capacity 7166K, committed 7168K, reserved 1048576K
Event: 11.865 GC heap after
Heap after GC invocations=13 (full 2):
 PSYoungGen      total 133632K, used 13817K [0x00000000e0000000, 0x00000000eb200000, 0x0000000100000000)
  eden space 119808K, 0% used [0x00000000e0000000,0x00000000e0000000,0x00000000e7500000)
  from space 13824K, 99% used [0x00000000e7500000,0x00000000e827e6c8,0x00000000e8280000)
  to   space 16896K, 0% used [0x00000000ea180000,0x00000000ea180000,0x00000000eb200000)
 ParOldGen       total 60416K, used 24168K [0x00000000a0000000, 0x00000000a3b00000, 0x00000000e0000000)
  object space 60416K, 40% used [0x00000000a0000000,0x00000000a179a090,0x00000000a3b00000)
 Metaspace       used 50050K, capacity 51430K, committed 51456K, reserved 1093632K
  class space    used 6817K, capacity 7166K, committed 7168K, reserved 1048576K
}
Event: 14.788 GC heap before
{Heap before GC invocations=14 (full 2):
 PSYoungGen      total 133632K, used 133625K [0x00000000e0000000, 0x00000000eb200000, 0x0000000100000000)
  eden space 119808K, 100% used [0x00000000e0000000,0x00000000e7500000,0x00000000e7500000)
  from space 13824K, 99% used [0x00000000e7500000,0x00000000e827e6c8,0x00000000e8280000)
  to   space 16896K, 0% used [0x00000000ea180000,0x00000000ea180000,0x00000000eb200000)
 ParOldGen       total 60416K, used 24168K [0x00000000a0000000, 0x00000000a3b00000, 0x00000000e0000000)
  object space 60416K, 40% used [0x00000000a0000000,0x00000000a179a090,0x00000000a3b00000)
 Metaspace       used 53243K, capacity 54882K, committed 55040K, reserved 1097728K
  class space    used 7245K, capacity 7652K, committed 7680K, reserved 1048576K
Event: 14.816 GC heap after
Heap after GC invocations=14 (full 2):
 PSYoungGen      total 164864K, used 10663K [0x00000000e0000000, 0x00000000eb300000, 0x0000000100000000)
  eden space 147968K, 0% used [0x00000000e0000000,0x00000000e0000000,0x00000000e9080000)
  from space 16896K, 63% used [0x00000000ea180000,0x00000000eabe9e70,0x00000000eb200000)
  to   space 17408K, 0% used [0x00000000e9080000,0x00000000e9080000,0x00000000ea180000)
 ParOldGen       total 60416K, used 35191K [0x00000000a0000000, 0x00000000a3b00000, 0x00000000e0000000)
  object space 60416K, 58% used [0x00000000a0000000,0x00000000a225df90,0x00000000a3b00000)
 Metaspace       used 53243K, capacity 54882K, committed 55040K, reserved 1097728K
  class space    used 7245K, capacity 7652K, committed 7680K, reserved 1048576K
}
Event: 19.111 GC heap before
{Heap before GC invocations=15 (full 2):
 PSYoungGen      total 164864K, used 158631K [0x00000000e0000000, 0x00000000eb300000, 0x0000000100000000)
  eden space 147968K, 100% used [0x00000000e0000000,0x00000000e9080000,0x00000000e9080000)
  from space 16896K, 63% used [0x00000000ea180000,0x00000000eabe9e70,0x00000000eb200000)
  to   space 17408K, 0% used [0x00000000e9080000,0x00000000e9080000,0x00000000ea180000)
 ParOldGen       total 60416K, used 35191K [0x00000000a0000000, 0x00000000a3b00000, 0x00000000e0000000)
  object space 60416K, 58% used [0x00000000a0000000,0x00000000a225df90,0x00000000a3b00000)
 Metaspace       used 53989K, capacity 55562K, committed 55680K, reserved 1097728K
  class space    used 7344K, capacity 7764K, committed 7808K, reserved 1048576K
Event: 19.143 GC heap after
Heap after GC invocations=15 (full 2):
 PSYoungGen      total 165376K, used 17091K [0x00000000e0000000, 0x00000000ed880000, 0x0000000100000000)
  eden space 147968K, 0% used [0x00000000e0000000,0x00000000e0000000,0x00000000e9080000)
  from space 17408K, 98% used [0x00000000e9080000,0x00000000ea130ca8,0x00000000ea180000)
  to   space 19968K, 0% used [0x00000000ec500000,0x00000000ec500000,0x00000000ed880000)
 ParOldGen       total 60416K, used 35199K [0x00000000a0000000, 0x00000000a3b00000, 0x00000000e0000000)
  object space 60416K, 58% used [0x00000000a0000000,0x00000000a225ff90,0x00000000a3b00000)
 Metaspace       used 53989K, capacity 55562K, committed 55680K, reserved 1097728K
  class space    used 7344K, capacity 7764K, committed 7808K, reserved 1048576K
}
Event: 20.344 GC heap before
{Heap before GC invocations=16 (full 2):
 PSYoungGen      total 165376K, used 48206K [0x00000000e0000000, 0x00000000ed880000, 0x0000000100000000)
  eden space 147968K, 21% used [0x00000000e0000000,0x00000000e1e62b70,0x00000000e9080000)
  from space 17408K, 98% used [0x00000000e9080000,0x00000000ea130ca8,0x00000000ea180000)
  to   space 19968K, 0% used [0x00000000ec500000,0x00000000ec500000,0x00000000ed880000)
 ParOldGen       total 60416K, used 35199K [0x00000000a0000000, 0x00000000a3b00000, 0x00000000e0000000)
  object space 60416K, 58% used [0x00000000a0000000,0x00000000a225ff90,0x00000000a3b00000)
 Metaspace       used 57355K, capacity 58934K, committed 59028K, reserved 1099776K
  class space    used 7802K, capacity 8184K, committed 8192K, reserved 1048576K
Event: 20.375 GC heap after
Heap after GC invocations=16 (full 2):
 PSYoungGen      total 196608K, used 19936K [0x00000000e0000000, 0x00000000eea00000, 0x0000000100000000)
  eden space 176640K, 0% used [0x00000000e0000000,0x00000000e0000000,0x00000000eac80000)
  from space 19968K, 99% used [0x00000000ec500000,0x00000000ed878050,0x00000000ed880000)
  to   space 25088K, 0% used [0x00000000eac80000,0x00000000eac80000,0x00000000ec500000)
 ParOldGen       total 60416K, used 41899K [0x00000000a0000000, 0x00000000a3b00000, 0x00000000e0000000)
  object space 60416K, 69% used [0x00000000a0000000,0x00000000a28eaff8,0x00000000a3b00000)
 Metaspace       used 57355K, capacity 58934K, committed 59028K, reserved 1099776K
  class space    used 7802K, capacity 8184K, committed 8192K, reserved 1048576K
}
Event: 20.375 GC heap before
{Heap before GC invocations=17 (full 3):
 PSYoungGen      total 196608K, used 19936K [0x00000000e0000000, 0x00000000eea00000, 0x0000000100000000)
  eden space 176640K, 0% used [0x00000000e0000000,0x00000000e0000000,0x00000000eac80000)
  from space 19968K, 99% used [0x00000000ec500000,0x00000000ed878050,0x00000000ed880000)
  to   space 25088K, 0% used [0x00000000eac80000,0x00000000eac80000,0x00000000ec500000)
 ParOldGen       total 60416K, used 41899K [0x00000000a0000000, 0x00000000a3b00000, 0x00000000e0000000)
  object space 60416K, 69% used [0x00000000a0000000,0x00000000a28eaff8,0x00000000a3b00000)
 Metaspace       used 57355K, capacity 58934K, committed 59028K, reserved 1099776K
  class space    used 7802K, capacity 8184K, committed 8192K, reserved 1048576K
Event: 20.739 GC heap after
Heap after GC invocations=17 (full 3):
 PSYoungGen      total 196608K, used 0K [0x00000000e0000000, 0x00000000eea00000, 0x0000000100000000)
  eden space 176640K, 0% used [0x00000000e0000000,0x00000000e0000000,0x00000000eac80000)
  from space 19968K, 0% used [0x00000000ec500000,0x00000000ec500000,0x00000000ed880000)
  to   space 25088K, 0% used [0x00000000eac80000,0x00000000eac80000,0x00000000ec500000)
 ParOldGen       total 60416K, used 50358K [0x00000000a0000000, 0x00000000a3b00000, 0x00000000e0000000)
  object space 60416K, 83% used [0x00000000a0000000,0x00000000a312db48,0x00000000a3b00000)
 Metaspace       used 57355K, capacity 58934K, committed 59028K, reserved 1099776K
  class space    used 7802K, capacity 8184K, committed 8192K, reserved 1048576K
}

Deoptimization events (10 events):
Event: 23.137 Thread 0x0000000019122800 Uncommon trap: reason=class_check action=maybe_recompile pc=0x0000000003f62e08 method=com.sun.tools.javac.comp.Check.checkType(Lcom/sun/tools/javac/util/JCDiagnostic$DiagnosticPosition;Lcom/sun/tools/javac/code/Type;Lcom/sun/tools/javac/code/Type;Lcom/sun
Event: 23.261 Thread 0x0000000019122800 Uncommon trap: reason=bimorphic action=maybe_recompile pc=0x0000000003fe9974 method=com.sun.tools.javac.comp.Check.checkType(Lcom/sun/tools/javac/util/JCDiagnostic$DiagnosticPosition;Lcom/sun/tools/javac/code/Type;Lcom/sun/tools/javac/code/Type;Lcom/sun/t
Event: 23.261 Thread 0x0000000019122800 Uncommon trap: reason=bimorphic action=maybe_recompile pc=0x0000000003fe9974 method=com.sun.tools.javac.comp.Check.checkType(Lcom/sun/tools/javac/util/JCDiagnostic$DiagnosticPosition;Lcom/sun/tools/javac/code/Type;Lcom/sun/tools/javac/code/Type;Lcom/sun/t
Event: 23.263 Thread 0x0000000019122800 Uncommon trap: reason=bimorphic action=maybe_recompile pc=0x0000000003fe9974 method=com.sun.tools.javac.comp.Check.checkType(Lcom/sun/tools/javac/util/JCDiagnostic$DiagnosticPosition;Lcom/sun/tools/javac/code/Type;Lcom/sun/tools/javac/code/Type;Lcom/sun/t
Event: 23.263 Thread 0x0000000019122800 Uncommon trap: reason=bimorphic action=maybe_recompile pc=0x0000000003fe9974 method=com.sun.tools.javac.comp.Check.checkType(Lcom/sun/tools/javac/util/JCDiagnostic$DiagnosticPosition;Lcom/sun/tools/javac/code/Type;Lcom/sun/tools/javac/code/Type;Lcom/sun/t
Event: 23.550 Thread 0x0000000019122800 Uncommon trap: reason=unstable_if action=reinterpret pc=0x0000000003f17944 method=com.sun.tools.javac.code.Types$14.visitClassType(Lcom/sun/tools/javac/code/Type$ClassType;Lcom/sun/tools/javac/code/Symbol;)Lcom/sun/tools/javac/code/Type; @ 29
Event: 23.551 Thread 0x0000000019122800 Uncommon trap: reason=class_check action=maybe_recompile pc=0x0000000003ee8fbc method=com.sun.tools.javac.code.Types.rank(Lcom/sun/tools/javac/code/Type;)I @ 131
Event: 23.551 Thread 0x0000000019122800 Uncommon trap: reason=class_check action=maybe_recompile pc=0x0000000003ee8e18 method=com.sun.tools.javac.code.Types.rank(Lcom/sun/tools/javac/code/Type;)I @ 1
Event: 23.551 Thread 0x0000000019122800 Uncommon trap: reason=class_check action=maybe_recompile pc=0x0000000003ee8e18 method=com.sun.tools.javac.code.Types.rank(Lcom/sun/tools/javac/code/Type;)I @ 1
Event: 23.551 Thread 0x0000000019122800 Uncommon trap: reason=unstable_if action=reinterpret pc=0x0000000003f1c408 method=com.sun.tools.javac.code.Types$14.visitClassType(Lcom/sun/tools/javac/code/Type$ClassType;Lcom/sun/tools/javac/code/Symbol;)Lcom/sun/tools/javac/code/Type; @ 29

Classes redefined (0 events):
No events

Internal exceptions (10 events):
Event: 12.357 Thread 0x0000000018948800 Exception <a 'java/lang/ClassNotFoundException': org/gradle/platform/base/BinaryContainer_ImplCustomizer> (0x00000000e19aef98) thrown at [D:\src\AOSP-openjdk-cygwin\jdk8u\hotspot\src\share\vm\classfile\systemDictionary.cpp, line 210]
Event: 12.555 Thread 0x0000000019127000 Exception <a 'java/lang/NoSuchMethodError': <clinit>> (0x00000000e24f8468) thrown at [D:\src\AOSP-openjdk-cygwin\jdk8u\hotspot\src\share\vm\prims\jni.cpp, line 1613]
Event: 12.556 Thread 0x0000000019127000 Exception <a 'java/lang/NoSuchMethodError': <clinit>> (0x00000000e25036e8) thrown at [D:\src\AOSP-openjdk-cygwin\jdk8u\hotspot\src\share\vm\prims\jni.cpp, line 1613]
Event: 12.579 Thread 0x0000000019127000 Exception <a 'java/lang/NoSuchMethodError': <clinit>> (0x00000000e25814f8) thrown at [D:\src\AOSP-openjdk-cygwin\jdk8u\hotspot\src\share\vm\prims\jni.cpp, line 1613]
Event: 12.580 Thread 0x0000000019127000 Exception <a 'java/lang/NoSuchMethodError': <clinit>> (0x00000000e2594300) thrown at [D:\src\AOSP-openjdk-cygwin\jdk8u\hotspot\src\share\vm\prims\jni.cpp, line 1613]
Event: 12.581 Thread 0x0000000019127000 Exception <a 'java/lang/NoSuchMethodError': <clinit>> (0x00000000e2595bb0) thrown at [D:\src\AOSP-openjdk-cygwin\jdk8u\hotspot\src\share\vm\prims\jni.cpp, line 1613]
Event: 12.808 Thread 0x0000000019127000 Implicit null exception at 0x0000000002bb4ce2 to 0x0000000002bb5215
Event: 15.916 Thread 0x0000000019122800 Exception <a 'java/lang/NoSuchMethodError': <clinit>> (0x00000000e2acecd0) thrown at [D:\src\AOSP-openjdk-cygwin\jdk8u\hotspot\src\share\vm\prims\jni.cpp, line 1613]
Event: 15.917 Thread 0x0000000019122800 Exception <a 'java/lang/NoSuchMethodError': <clinit>> (0x00000000e2ad8738) thrown at [D:\src\AOSP-openjdk-cygwin\jdk8u\hotspot\src\share\vm\prims\jni.cpp, line 1613]
Event: 21.316 Thread 0x0000000019122800 Implicit null exception at 0x0000000003b6782f to 0x0000000003b67e3d

Events (10 events):
Event: 23.551 Thread 0x0000000019122800 DEOPT UNPACKING pc=0x000000000261557b sp=0x0000000022bcb580 mode 2
Event: 23.551 Thread 0x0000000019122800 Uncommon trap: trap_request=0xffffffde fr.pc=0x0000000003ee8e18
Event: 23.551 Thread 0x0000000019122800 DEOPT PACKING pc=0x0000000003ee8e18 sp=0x0000000022bcb550
Event: 23.551 Thread 0x0000000019122800 DEOPT UNPACKING pc=0x000000000261557b sp=0x0000000022bcb4f8 mode 2
Event: 23.551 Thread 0x0000000019122800 Uncommon trap: trap_request=0xffffffde fr.pc=0x0000000003ee8e18
Event: 23.551 Thread 0x0000000019122800 DEOPT PACKING pc=0x0000000003ee8e18 sp=0x0000000022bcb550
Event: 23.551 Thread 0x0000000019122800 DEOPT UNPACKING pc=0x000000000261557b sp=0x0000000022bcb4f8 mode 2
Event: 23.551 Thread 0x0000000019122800 Uncommon trap: trap_request=0xffffff65 fr.pc=0x0000000003f1c408
Event: 23.551 Thread 0x0000000019122800 DEOPT PACKING pc=0x0000000003f1c408 sp=0x0000000022bcb3f0
Event: 23.551 Thread 0x0000000019122800 DEOPT UNPACKING pc=0x000000000261557b sp=0x0000000022bcb3c8 mode 2


Dynamic libraries:
0x00007ff784ed0000 - 0x00007ff784f01000 	F:\Programs\Android Studio\jre\bin\java.exe
0x00007ffe631d0000 - 0x00007ffe633a1000 	C:\Windows\SYSTEM32\ntdll.dll
0x00007ffe61030000 - 0x00007ffe610db000 	C:\Windows\System32\KERNEL32.DLL
0x00007ffe60540000 - 0x00007ffe6075d000 	C:\Windows\System32\KERNELBASE.dll
0x00007ffe61280000 - 0x00007ffe61322000 	C:\Windows\System32\ADVAPI32.dll
0x00007ffe62da0000 - 0x00007ffe62e3e000 	C:\Windows\System32\msvcrt.dll
0x00007ffe60b90000 - 0x00007ffe60be9000 	C:\Windows\System32\sechost.dll
0x00007ffe610f0000 - 0x00007ffe61211000 	C:\Windows\System32\RPCRT4.dll
0x00007ffe62b40000 - 0x00007ffe62ca5000 	C:\Windows\System32\USER32.dll
0x00007ffe60520000 - 0x00007ffe6053e000 	C:\Windows\System32\win32u.dll
0x00007ffe63110000 - 0x00007ffe63144000 	C:\Windows\System32\GDI32.dll
0x00007ffe60120000 - 0x00007ffe602a2000 	C:\Windows\System32\gdi32full.dll
0x00007ffe541b0000 - 0x00007ffe5442a000 	C:\Windows\WinSxS\amd64_microsoft.windows.common-controls_6595b64144ccf1df_6.0.14393.726_none_42181c01c683592f\COMCTL32.dll
0x00007ffe62e40000 - 0x00007ffe63108000 	C:\Windows\System32\combase.dll
0x00007ffe602b0000 - 0x00007ffe603a5000 	C:\Windows\System32\ucrtbase.dll
0x00007ffe60410000 - 0x00007ffe6047a000 	C:\Windows\System32\bcryptPrimitives.dll
0x00007ffe62d70000 - 0x00007ffe62d9e000 	C:\Windows\System32\IMM32.DLL
0x0000000059b70000 - 0x0000000059c42000 	F:\Programs\Android Studio\jre\jre\bin\msvcr100.dll
0x0000000059c50000 - 0x000000005a48f000 	F:\Programs\Android Studio\jre\jre\bin\server\jvm.dll
0x00007ffe61020000 - 0x00007ffe61028000 	C:\Windows\System32\PSAPI.DLL
0x00007ffe58450000 - 0x00007ffe5845a000 	C:\Windows\SYSTEM32\VERSION.dll
0x00007ffe5dae0000 - 0x00007ffe5db03000 	C:\Windows\SYSTEM32\WINMM.dll
0x00007ffe54fe0000 - 0x00007ffe54fe9000 	C:\Windows\SYSTEM32\WSOCK32.dll
0x00007ffe60fb0000 - 0x00007ffe6101a000 	C:\Windows\System32\WS2_32.dll
0x00007ffe5da50000 - 0x00007ffe5da7b000 	C:\Windows\SYSTEM32\WINMMBASE.dll
0x00007ffe60020000 - 0x00007ffe60062000 	C:\Windows\System32\cfgmgr32.dll
0x00007ffe43b80000 - 0x00007ffe43b8f000 	F:\Programs\Android Studio\jre\jre\bin\verify.dll
0x00007ffe43b50000 - 0x00007ffe43b79000 	F:\Programs\Android Studio\jre\jre\bin\java.dll
0x00007ffe43b30000 - 0x00007ffe43b46000 	F:\Programs\Android Studio\jre\jre\bin\zip.dll
0x00007ffe61630000 - 0x00007ffe62b39000 	C:\Windows\System32\SHELL32.dll
0x00007ffe5f6c0000 - 0x00007ffe5fd9a000 	C:\Windows\System32\windows.storage.dll
0x00007ffe5f650000 - 0x00007ffe5f69c000 	C:\Windows\System32\powrprof.dll
0x00007ffe615d0000 - 0x00007ffe61622000 	C:\Windows\System32\shlwapi.dll
0x00007ffe5f6b0000 - 0x00007ffe5f6bf000 	C:\Windows\System32\kernel.appcore.dll
0x00007ffe60070000 - 0x00007ffe60119000 	C:\Windows\System32\shcore.dll
0x00007ffe5f630000 - 0x00007ffe5f644000 	C:\Windows\System32\profapi.dll
0x00007ffe43b10000 - 0x00007ffe43b2a000 	F:\Programs\Android Studio\jre\jre\bin\net.dll
0x00007ffe5ef00000 - 0x00007ffe5ef5c000 	C:\Windows\system32\mswsock.dll
0x00007ffe43af0000 - 0x00007ffe43b01000 	F:\Programs\Android Studio\jre\jre\bin\nio.dll
0x00007ffe4f870000 - 0x00007ffe4f88e000 	C:\Users\User\.gradle\native\25\windows-amd64\native-platform.dll
0x00007ffe437e0000 - 0x00007ffe437ed000 	F:\Programs\Android Studio\jre\jre\bin\management.dll
0x00007ffe5f0a0000 - 0x00007ffe5f0b7000 	C:\Windows\SYSTEM32\CRYPTSP.dll
0x00007ffe5eb10000 - 0x00007ffe5eb43000 	C:\Windows\system32\rsaenh.dll
0x00007ffe5f4d0000 - 0x00007ffe5f4fb000 	C:\Windows\SYSTEM32\bcrypt.dll
0x00007ffe5ed80000 - 0x00007ffe5ed9f000 	C:\Windows\SYSTEM32\USERENV.dll
0x00007ffe5f0c0000 - 0x00007ffe5f0cb000 	C:\Windows\SYSTEM32\CRYPTBASE.dll
0x00007ffe5ec90000 - 0x00007ffe5ecc8000 	C:\Windows\SYSTEM32\IPHLPAPI.DLL
0x00007ffe631c0000 - 0x00007ffe631c8000 	C:\Windows\System32\NSI.dll
0x00007ffe5c5d0000 - 0x00007ffe5c5e6000 	C:\Windows\SYSTEM32\dhcpcsvc6.DLL
0x00007ffe5c520000 - 0x00007ffe5c53a000 	C:\Windows\SYSTEM32\dhcpcsvc.DLL

VM Arguments:
jvm_args: -Xmx1536m -Dfile.encoding=windows-1251 -Duser.country=RU -Duser.language=ru -Duser.variant 
java_command: org.gradle.launcher.daemon.bootstrap.GradleDaemon 4.4
java_class_path (initial): C:\Users\User\.gradle\wrapper\dists\gradle-4.4-all\9br9xq1tocpiv8o6njlyu5op1\gradle-4.4\lib\gradle-launcher-4.4.jar
Launcher Type: SUN_STANDARD

Environment Variables:
PATH=C:\Program Files\Microsoft MPI\Bin\;C:\Program Files (x86)\Common Files\Oracle\Java\javapath;C:\Windows\system32;C:\Windows;C:\Windows\System32\Wbem;F:\Programs\Putty\;C:\Program Files\dotnet\;C:\Program Files (x86)\Common Files\Acronis\SnapAPI\;C:\Program Files\Microsoft SQL Server\130\Tools\Binn\;C:\Users\User\AppData\Local\Microsoft\WindowsApps;F:\Programs\AppServ\Apache24\bin;F:\Programs\AppServ\php5;F:\Programs\AppServ\MySQL\bin
USERNAME=User
OS=Windows_NT
PROCESSOR_IDENTIFIER=Intel64 Family 6 Model 42 Stepping 7, GenuineIntel



---------------  S Y S T E M  ---------------

OS: Windows 10.0 , 64 bit Build 14393 (10.0.14393.0)

CPU:total 4 (initial active 4) (2 cores per cpu, 2 threads per core) family 6 model 42 stepping 7, cmov, cx8, fxsr, mmx, sse, sse2, sse3, ssse3, sse4.1, sse4.2, popcnt, avx, aes, clmul, ht, tsc, tscinvbit

Memory: 4k page, physical 4042604k(205340k free), swap 4042604k(5332k free)

vm_info: OpenJDK 64-Bit Server VM (25.152-b02) for windows-amd64 JRE (1.8.0_152-release-1024-b02), built by "builder" with MS VC++ 10.0 (VS2010)

time: Sat Aug 04 20:15:50 2018
elapsed time: 23 seconds (0d 0h 0m 23s)

